"C:/Users/julss/Documents/Unreal Projects/BA6Level/Content/Mannequin/Character/Mesh/SK_Mannequin_PhysicsAsset.uasset" 0
"C:/Users/julss/Documents/Unreal Projects/BA6Level/Content/Mannequin/Character/Mesh/SK_Mannequin_PhysicsAsset.uexp" 1
"C:/Users/julss/Documents/Unreal Projects/BA6Level/Content/Mannequin/Character/Textures/T_UE4Logo_N.uasset" 2
"C:/Users/julss/Documents/Unreal Projects/BA6Level/Content/Mannequin/Character/Textures/T_UE4Logo_N.uexp" 3
"C:/Users/julss/Documents/Unreal Projects/BA6Level/Content/Mannequin/Character/Textures/T_UE4Logo_N.ubulk" 4
"C:/Users/julss/Documents/Unreal Projects/BA6Level/Content/Mannequin/Character/Textures/T_UE4Logo_Mask.uasset" 5
"C:/Users/julss/Documents/Unreal Projects/BA6Level/Content/Mannequin/Character/Textures/T_UE4Logo_Mask.uexp" 6
"C:/Users/julss/Documents/Unreal Projects/BA6Level/Content/Mannequin/Character/Textures/T_UE4Logo_Mask.ubulk" 7
"C:/Users/julss/Documents/Unreal Projects/BA6Level/Content/Mannequin/Character/Textures/T_Male_N.uasset" 8
"C:/Users/julss/Documents/Unreal Projects/BA6Level/Content/Mannequin/Character/Textures/T_Male_N.uexp" 9
"C:/Users/julss/Documents/Unreal Projects/BA6Level/Content/Mannequin/Character/Textures/T_Male_N.ubulk" 10
"C:/Users/julss/Documents/Unreal Projects/BA6Level/Content/Mannequin/Character/Textures/T_Male_Mask.uasset" 11
"C:/Users/julss/Documents/Unreal Projects/BA6Level/Content/Mannequin/Character/Textures/T_Male_Mask.uexp" 12
"C:/Users/julss/Documents/Unreal Projects/BA6Level/Content/Mannequin/Character/Textures/T_Male_Mask.ubulk" 13
"C:/Users/julss/Documents/Unreal Projects/BA6Level/Content/Mannequin/Character/Materials/MaterialLayers/T_ML_Rubber_Blue_01_N.uasset" 14
"C:/Users/julss/Documents/Unreal Projects/BA6Level/Content/Mannequin/Character/Materials/MaterialLayers/T_ML_Rubber_Blue_01_N.uexp" 15
"C:/Users/julss/Documents/Unreal Projects/BA6Level/Content/Mannequin/Character/Materials/MaterialLayers/T_ML_Rubber_Blue_01_N.ubulk" 16
"C:/Users/julss/Documents/Unreal Projects/BA6Level/Content/Mannequin/Character/Materials/MaterialLayers/T_ML_Rubber_Blue_01_D.uasset" 17
"C:/Users/julss/Documents/Unreal Projects/BA6Level/Content/Mannequin/Character/Materials/MaterialLayers/T_ML_Rubber_Blue_01_D.uexp" 18
"C:/Users/julss/Documents/Unreal Projects/BA6Level/Content/Mannequin/Character/Materials/MaterialLayers/T_ML_Rubber_Blue_01_D.ubulk" 19
"C:/Users/julss/Documents/Unreal Projects/BA6Level/Content/Mannequin/Character/Materials/MaterialLayers/T_ML_Aluminum01_N.uasset" 20
"C:/Users/julss/Documents/Unreal Projects/BA6Level/Content/Mannequin/Character/Materials/MaterialLayers/T_ML_Aluminum01_N.uexp" 21
"C:/Users/julss/Documents/Unreal Projects/BA6Level/Content/Mannequin/Character/Materials/MaterialLayers/T_ML_Aluminum01_N.ubulk" 22
"C:/Users/julss/Documents/Unreal Projects/BA6Level/Content/Mannequin/Character/Materials/MaterialLayers/T_ML_Aluminum01.uasset" 23
"C:/Users/julss/Documents/Unreal Projects/BA6Level/Content/Mannequin/Character/Materials/MaterialLayers/T_ML_Aluminum01.uexp" 24
"C:/Users/julss/Documents/Unreal Projects/BA6Level/Content/Mannequin/Character/Materials/MaterialLayers/T_ML_Aluminum01.ubulk" 25
"C:/Users/julss/Documents/Unreal Projects/BA6Level/Content/Mannequin/Character/Materials/MaterialLayers/ML_SoftMetal_UE4.uasset" 26
"C:/Users/julss/Documents/Unreal Projects/BA6Level/Content/Mannequin/Character/Materials/MaterialLayers/ML_SoftMetal_UE4.uexp" 27
"C:/Users/julss/Documents/Unreal Projects/BA6Level/Content/Mannequin/Character/Materials/MaterialLayers/ML_Plastic_Shiny_Beige_LOGO.uasset" 28
"C:/Users/julss/Documents/Unreal Projects/BA6Level/Content/Mannequin/Character/Materials/MaterialLayers/ML_Plastic_Shiny_Beige_LOGO.uexp" 29
"C:/Users/julss/Documents/Unreal Projects/BA6Level/Content/Mannequin/Character/Materials/MaterialLayers/ML_Plastic_Shiny_Beige.uasset" 30
"C:/Users/julss/Documents/Unreal Projects/BA6Level/Content/Mannequin/Character/Materials/MaterialLayers/ML_Plastic_Shiny_Beige.uexp" 31
"C:/Users/julss/Documents/Unreal Projects/BA6Level/Content/Mannequin/Character/Materials/MaterialLayers/ML_GlossyBlack_Latex_UE4.uasset" 32
"C:/Users/julss/Documents/Unreal Projects/BA6Level/Content/Mannequin/Character/Materials/MaterialLayers/ML_GlossyBlack_Latex_UE4.uexp" 33
"../../../Engine/Content/Functions/MaterialLayerFunctions/MatLayerBlend_Simple.uasset" 34
"../../../Engine/Content/Functions/MaterialLayerFunctions/MatLayerBlend_Simple.uexp" 35
"../../../Engine/Content/Functions/Engine_MaterialFunctions02/Utility/BlendAngleCorrectedNormals.uasset" 36
"../../../Engine/Content/Functions/Engine_MaterialFunctions02/Utility/BlendAngleCorrectedNormals.uexp" 37
"../../../Engine/Content/Functions/MaterialLayerFunctions/MatLayerBlend_NormalBlend.uasset" 38
"../../../Engine/Content/Functions/MaterialLayerFunctions/MatLayerBlend_NormalBlend.uexp" 39
"C:/Users/julss/Documents/Unreal Projects/BA6Level/Content/Mannequin/Character/Materials/M_Male_Body.uasset" 40
"C:/Users/julss/Documents/Unreal Projects/BA6Level/Content/Mannequin/Character/Materials/M_Male_Body.uexp" 41
"C:/Users/julss/Documents/Unreal Projects/BA6Level/Content/Mannequin/Character/Materials/M_UE4Man_ChestLogo.uasset" 42
"C:/Users/julss/Documents/Unreal Projects/BA6Level/Content/Mannequin/Character/Materials/M_UE4Man_ChestLogo.uexp" 43
"C:/Users/julss/Documents/Unreal Projects/BA6Level/Content/Mannequin/Character/Mesh/UE4_Mannequin_Skeleton.uasset" 44
"C:/Users/julss/Documents/Unreal Projects/BA6Level/Content/Mannequin/Character/Mesh/UE4_Mannequin_Skeleton.uexp" 45
"C:/Users/julss/Documents/Unreal Projects/BA6Level/Content/Mannequin/Character/Mesh/SK_Mannequin.uasset" 46
"C:/Users/julss/Documents/Unreal Projects/BA6Level/Content/Mannequin/Character/Mesh/SK_Mannequin.uexp" 47
"C:/Users/julss/Documents/Unreal Projects/BA6Level/Content/Sounds/FootstepSystem/S_FootstepWood_02.uasset" 48
"C:/Users/julss/Documents/Unreal Projects/BA6Level/Content/Sounds/FootstepSystem/S_FootstepWood_02.uexp" 49
"C:/Users/julss/Documents/Unreal Projects/BA6Level/Content/Sounds/FootstepSystem/S_FootstepWood_01.uasset" 50
"C:/Users/julss/Documents/Unreal Projects/BA6Level/Content/Sounds/FootstepSystem/S_FootstepWood_01.uexp" 51
"C:/Users/julss/Documents/Unreal Projects/BA6Level/Content/Sounds/FootstepSystem/S_FootstepWood_Cue_03.uasset" 52
"C:/Users/julss/Documents/Unreal Projects/BA6Level/Content/Sounds/FootstepSystem/S_FootstepWood_Cue_03.uexp" 53
"C:/Users/julss/Documents/Unreal Projects/BA6Level/Content/Sounds/FootstepSystem/S_FootstepWater_02.uasset" 54
"C:/Users/julss/Documents/Unreal Projects/BA6Level/Content/Sounds/FootstepSystem/S_FootstepWater_02.uexp" 55
"C:/Users/julss/Documents/Unreal Projects/BA6Level/Content/Sounds/FootstepSystem/S_FootstepWater_01.uasset" 56
"C:/Users/julss/Documents/Unreal Projects/BA6Level/Content/Sounds/FootstepSystem/S_FootstepWater_01.uexp" 57
"C:/Users/julss/Documents/Unreal Projects/BA6Level/Content/Sounds/FootstepSystem/S_FootstepWater_Cue_02.uasset" 58
"C:/Users/julss/Documents/Unreal Projects/BA6Level/Content/Sounds/FootstepSystem/S_FootstepWater_Cue_02.uexp" 59
"C:/Users/julss/Documents/Unreal Projects/BA6Level/Content/Sounds/FootstepSystem/S_FootstepStone_02.uasset" 60
"C:/Users/julss/Documents/Unreal Projects/BA6Level/Content/Sounds/FootstepSystem/S_FootstepStone_02.uexp" 61
"C:/Users/julss/Documents/Unreal Projects/BA6Level/Content/Sounds/FootstepSystem/S_FootstepStone_01.uasset" 62
"C:/Users/julss/Documents/Unreal Projects/BA6Level/Content/Sounds/FootstepSystem/S_FootstepStone_01.uexp" 63
"C:/Users/julss/Documents/Unreal Projects/BA6Level/Content/Sounds/FootstepSystem/S_FootstepStone_Cue_01.uasset" 64
"C:/Users/julss/Documents/Unreal Projects/BA6Level/Content/Sounds/FootstepSystem/S_FootstepStone_Cue_01.uexp" 65
"../../../Engine/Content/EditorBlueprintResources/StandardMacros.uasset" 66
"../../../Engine/Content/EditorBlueprintResources/StandardMacros.uexp" 67
"C:/Users/julss/Documents/Unreal Projects/BA6Level/Content/Mannequin/Animations/ThirdPersonWalk.uasset" 68
"C:/Users/julss/Documents/Unreal Projects/BA6Level/Content/Mannequin/Animations/ThirdPersonWalk.uexp" 69
"../../../Engine/Content/Animation/DefaultAnimCurveCompressionSettings.uasset" 70
"../../../Engine/Content/Animation/DefaultAnimCurveCompressionSettings.uexp" 71
"../../../Engine/Content/Animation/DefaultAnimBoneCompressionSettings.uasset" 72
"../../../Engine/Content/Animation/DefaultAnimBoneCompressionSettings.uexp" 73
"C:/Users/julss/Documents/Unreal Projects/BA6Level/Content/Mannequin/Animations/ThirdPersonRun.uasset" 74
"C:/Users/julss/Documents/Unreal Projects/BA6Level/Content/Mannequin/Animations/ThirdPersonRun.uexp" 75
"C:/Users/julss/Documents/Unreal Projects/BA6Level/Content/Mannequin/Animations/ThirdPersonIdle.uasset" 76
"C:/Users/julss/Documents/Unreal Projects/BA6Level/Content/Mannequin/Animations/ThirdPersonIdle.uexp" 77
"C:/Users/julss/Documents/Unreal Projects/BA6Level/Content/Mannequin/Animations/ThirdPerson_IdleRun_2D.uasset" 78
"C:/Users/julss/Documents/Unreal Projects/BA6Level/Content/Mannequin/Animations/ThirdPerson_IdleRun_2D.uexp" 79
"C:/Users/julss/Documents/Unreal Projects/BA6Level/Content/Mannequin/Animations/ThirdPerson_Jump.uasset" 80
"C:/Users/julss/Documents/Unreal Projects/BA6Level/Content/Mannequin/Animations/ThirdPerson_Jump.uexp" 81
"C:/Users/julss/Documents/Unreal Projects/BA6Level/Content/Mannequin/Animations/ThirdPersonJump_Start.uasset" 82
"C:/Users/julss/Documents/Unreal Projects/BA6Level/Content/Mannequin/Animations/ThirdPersonJump_Start.uexp" 83
"C:/Users/julss/Documents/Unreal Projects/BA6Level/Content/Mannequin/Animations/ThirdPersonJump_Loop.uasset" 84
"C:/Users/julss/Documents/Unreal Projects/BA6Level/Content/Mannequin/Animations/ThirdPersonJump_Loop.uexp" 85
"C:/Users/julss/Documents/Unreal Projects/BA6Level/Content/Mannequin/Animations/ThirdPerson_AnimBP.uasset" 86
"C:/Users/julss/Documents/Unreal Projects/BA6Level/Content/Mannequin/Animations/ThirdPerson_AnimBP.uexp" 87
"C:/Users/julss/Documents/Unreal Projects/BA6Level/Content/ThirdPersonBP/Blueprints/ThirdPersonCharacter.uasset" 88
"C:/Users/julss/Documents/Unreal Projects/BA6Level/Content/ThirdPersonBP/Blueprints/ThirdPersonCharacter.uexp" 89
"C:/Users/julss/Documents/Unreal Projects/BA6Level/Content/ThirdPersonBP/Blueprints/ThirdPersonGameMode.uasset" 90
"C:/Users/julss/Documents/Unreal Projects/BA6Level/Content/ThirdPersonBP/Blueprints/ThirdPersonGameMode.uexp" 91
"../../../Engine/Content/EngineMaterials/T_Default_Material_Grid_N.uasset" 92
"../../../Engine/Content/EngineMaterials/T_Default_Material_Grid_N.uexp" 93
"../../../Engine/Content/EngineMaterials/T_Default_Material_Grid_N.ubulk" 94
"../../../Engine/Content/EngineMaterials/T_Default_Material_Grid_M.uasset" 95
"../../../Engine/Content/EngineMaterials/T_Default_Material_Grid_M.uexp" 96
"../../../Engine/Content/EngineMaterials/T_Default_Material_Grid_M.ubulk" 97
"../../../Engine/Content/Functions/Engine_MaterialFunctions01/Opacity/CameraDepthFade.uasset" 98
"../../../Engine/Content/Functions/Engine_MaterialFunctions01/Opacity/CameraDepthFade.uexp" 99
"../../../Engine/Content/EngineMaterials/WorldGridMaterial.uasset" 100
"../../../Engine/Content/EngineMaterials/WorldGridMaterial.uexp" 101
"../../../Engine/Content/ArtTools/RenderToTexture/Meshes/S_1_Unit_Plane.uasset" 102
"../../../Engine/Content/ArtTools/RenderToTexture/Meshes/S_1_Unit_Plane.uexp" 103
"../../../Engine/Content/EngineMaterials/DefaultMaterial.uasset" 104
"../../../Engine/Content/EngineMaterials/DefaultMaterial.uexp" 105
"../../../Engine/Content/BasicShapes/Cone.uasset" 106
"../../../Engine/Content/BasicShapes/Cone.uexp" 107
"../../../Engine/Content/BasicShapes/Cube.uasset" 108
"../../../Engine/Content/BasicShapes/Cube.uexp" 109
"../../../Engine/Content/BasicShapes/Plane.uasset" 110
"../../../Engine/Content/BasicShapes/Plane.uexp" 111
"../../../Engine/Content/BasicShapes/Sphere.uasset" 112
"../../../Engine/Content/BasicShapes/Sphere.uexp" 113
"../../../Engine/Content/EditorLandscapeResources/DataLayer.uasset" 114
"../../../Engine/Content/EditorLandscapeResources/DataLayer.uexp" 115
"../../../Engine/Content/EditorLandscapeResources/DefaultAlphaTexture.uasset" 116
"../../../Engine/Content/EditorLandscapeResources/DefaultAlphaTexture.uexp" 117
"../../../Engine/Content/EditorMaterials/MAT_Groups_Toggle.uasset" 118
"../../../Engine/Content/EditorMaterials/MAT_Groups_Toggle.uexp" 119
"../../../Engine/Content/EditorMaterials/MAT_Groups_Visibility.uasset" 120
"../../../Engine/Content/EditorMaterials/MAT_Groups_Visibility.uexp" 121
"../../../Engine/Content/EditorMaterials/PreviewShadowIndicator.uasset" 122
"../../../Engine/Content/EditorMaterials/PreviewShadowIndicator.uexp" 123
"../../../Engine/Content/EditorMaterials/PreviewShadowIndicator.ubulk" 124
"../../../Engine/Content/EditorMaterials/PreviewShadowIndicatorMaterial.uasset" 125
"../../../Engine/Content/EditorMaterials/PreviewShadowIndicatorMaterial.uexp" 126
"../../../Engine/Content/EditorMaterials/MatineeGroups/MAT_ColorTrack.uasset" 127
"../../../Engine/Content/EditorMaterials/MatineeGroups/MAT_ColorTrack.uexp" 128
"../../../Engine/Content/EditorMaterials/MatineeGroups/MAT_Groups_Anim.uasset" 129
"../../../Engine/Content/EditorMaterials/MatineeGroups/MAT_Groups_Anim.uexp" 130
"../../../Engine/Content/EditorMaterials/MatineeGroups/MAT_Groups_AudioMaster.uasset" 131
"../../../Engine/Content/EditorMaterials/MatineeGroups/MAT_Groups_AudioMaster.uexp" 132
"../../../Engine/Content/EditorMaterials/MatineeGroups/MAT_Groups_Director.uasset" 133
"../../../Engine/Content/EditorMaterials/MatineeGroups/MAT_Groups_Director.uexp" 134
"../../../Engine/Content/EditorMaterials/MatineeGroups/MAT_Groups_Event.uasset" 135
"../../../Engine/Content/EditorMaterials/MatineeGroups/MAT_Groups_Event.uexp" 136
"../../../Engine/Content/EditorMaterials/MatineeGroups/MAT_Groups_Fade.uasset" 137
"../../../Engine/Content/EditorMaterials/MatineeGroups/MAT_Groups_Fade.uexp" 138
"../../../Engine/Content/EditorMaterials/MatineeGroups/MAT_Groups_Float.uasset" 139
"../../../Engine/Content/EditorMaterials/MatineeGroups/MAT_Groups_Float.uexp" 140
"../../../Engine/Content/EditorMaterials/MatineeGroups/MAT_Groups_Move.uasset" 141
"../../../Engine/Content/EditorMaterials/MatineeGroups/MAT_Groups_Move.uexp" 142
"../../../Engine/Content/EditorMaterials/MatineeGroups/MAT_Groups_Slomo.uasset" 143
"../../../Engine/Content/EditorMaterials/MatineeGroups/MAT_Groups_Slomo.uexp" 144
"../../../Engine/Content/EditorMaterials/MatineeGroups/MAT_Groups_Sound.uasset" 145
"../../../Engine/Content/EditorMaterials/MatineeGroups/MAT_Groups_Sound.uexp" 146
"../../../Engine/Content/EditorMaterials/MatineeGroups/MAT_Groups_Vector.uasset" 147
"../../../Engine/Content/EditorMaterials/MatineeGroups/MAT_Groups_Vector.uexp" 148
"../../../Engine/Content/EditorMaterials/ParticleSystems/PSysThumbnail_NoImage.uasset" 149
"../../../Engine/Content/EditorMaterials/ParticleSystems/PSysThumbnail_NoImage.uexp" 150
"../../../Engine/Content/EditorMaterials/ParticleSystems/PSysThumbnail_NoImage.ubulk" 151
"../../../Engine/Content/EditorMaterials/ParticleSystems/PSysThumbnail_OOD.uasset" 152
"../../../Engine/Content/EditorMaterials/ParticleSystems/PSysThumbnail_OOD.uexp" 153
"../../../Engine/Content/EditorMaterials/ParticleSystems/PSysThumbnail_OOD.ubulk" 154
"../../../Engine/Content/EditorMaterials/Camera/CineMat.uasset" 155
"../../../Engine/Content/EditorMaterials/Camera/CineMat.uexp" 156
"../../../Engine/Content/EditorMaterials/Camera/MI_CineMat_Rig.uasset" 157
"../../../Engine/Content/EditorMaterials/Camera/MI_CineMat_Rig.uexp" 158
"../../../Engine/Content/EditorMeshes/Camera/SM_CraneRig_Arm.uasset" 159
"../../../Engine/Content/EditorMeshes/Camera/SM_CraneRig_Arm.uexp" 160
"../../../Engine/Content/EditorMeshes/Camera/SM_CraneRig_Base.uasset" 161
"../../../Engine/Content/EditorMeshes/Camera/SM_CraneRig_Base.uexp" 162
"../../../Engine/Content/EditorMeshes/Camera/SM_CraneRig_Body.uasset" 163
"../../../Engine/Content/EditorMeshes/Camera/SM_CraneRig_Body.uexp" 164
"../../../Engine/Content/EditorMeshes/Camera/SM_CraneRig_Mount.uasset" 165
"../../../Engine/Content/EditorMeshes/Camera/SM_CraneRig_Mount.uexp" 166
"../../../Engine/Content/EditorMeshes/Camera/SM_RailRig_Mount.uasset" 167
"../../../Engine/Content/EditorMeshes/Camera/SM_RailRig_Mount.uexp" 168
"../../../Engine/Content/EditorMeshes/Camera/SM_RailRig_Track.uasset" 169
"../../../Engine/Content/EditorMeshes/Camera/SM_RailRig_Track.uexp" 170
"../../../Engine/Content/EditorResources/BSPVertex.uasset" 171
"../../../Engine/Content/EditorResources/BSPVertex.uexp" 172
"../../../Engine/Content/EditorResources/EmptyActor.uasset" 173
"../../../Engine/Content/EditorResources/EmptyActor.uexp" 174
"../../../Engine/Content/EditorResources/S_Actor.uasset" 175
"../../../Engine/Content/EditorResources/S_Actor.uexp" 176
"../../../Engine/Content/EditorResources/S_Actor.ubulk" 177
"../../../Engine/Content/EditorResources/S_Note.uasset" 178
"../../../Engine/Content/EditorResources/S_Note.uexp" 179
"../../../Engine/Content/EditorResources/S_Note.ubulk" 180
"../../../Engine/Content/EditorResources/S_Solver.uasset" 181
"../../../Engine/Content/EditorResources/S_Solver.uexp" 182
"../../../Engine/Content/EditorResources/S_Solver.ubulk" 183
"../../../Engine/Content/EditorResources/S_Terrain.uasset" 184
"../../../Engine/Content/EditorResources/S_Terrain.uexp" 185
"../../../Engine/Content/EditorResources/S_Terrain.ubulk" 186
"../../../Engine/Content/EditorResources/S_Trigger.uasset" 187
"../../../Engine/Content/EditorResources/S_Trigger.uexp" 188
"../../../Engine/Content/EditorResources/S_Trigger.ubulk" 189
"../../../Engine/Content/EditorResources/AudioIcons/S_AudioComponent_AutoActivate.uasset" 190
"../../../Engine/Content/EditorResources/AudioIcons/S_AudioComponent_AutoActivate.uexp" 191
"../../../Engine/Content/EditorResources/AudioIcons/S_AudioComponent_AutoActivate.ubulk" 192
"../../../Engine/Content/EditorResources/LightIcons/S_LightError.uasset" 193
"../../../Engine/Content/EditorResources/LightIcons/S_LightError.uexp" 194
"../../../Engine/Content/EditorResources/SequenceRecorder/Countdown.uasset" 195
"../../../Engine/Content/EditorResources/SequenceRecorder/Countdown.uexp" 196
"../../../Engine/Content/EditorResources/SequenceRecorder/RecordingIndicator.uasset" 197
"../../../Engine/Content/EditorResources/SequenceRecorder/RecordingIndicator.uexp" 198
"../../../Engine/Content/EngineDamageTypes/DmgTypeBP_Environmental.uasset" 199
"../../../Engine/Content/EngineDamageTypes/DmgTypeBP_Environmental.uexp" 200
"../../../Engine/Content/EngineDebugMaterials/DebugEditorMaterial.uasset" 201
"../../../Engine/Content/EngineDebugMaterials/DebugEditorMaterial.uexp" 202
"../../../Engine/Content/EngineDebugMaterials/DebugMeshMaterial.uasset" 203
"../../../Engine/Content/EngineDebugMaterials/DebugMeshMaterial.uexp" 204
"../../../Engine/Content/EngineDebugMaterials/M_SimpleUnlitTranslucent.uasset" 205
"../../../Engine/Content/EngineDebugMaterials/M_SimpleUnlitTranslucent.uexp" 206
"../../../Engine/Content/EngineDebugMaterials/VolumeToRender.uasset" 207
"../../../Engine/Content/EngineDebugMaterials/VolumeToRender.uexp" 208
"../../../Engine/Content/Functions/Engine_MaterialFunctions02/Utility/CameraDirectionVector.uasset" 209
"../../../Engine/Content/Functions/Engine_MaterialFunctions02/Utility/CameraDirectionVector.uexp" 210
"../../../Engine/Content/EngineDebugMaterials/M_VolumeRenderSphereTracePP.uasset" 211
"../../../Engine/Content/EngineDebugMaterials/M_VolumeRenderSphereTracePP.uexp" 212
"../../../Engine/Content/Functions/Engine_MaterialFunctions01/Shading/ConvertFromDiffSpec.uasset" 213
"../../../Engine/Content/Functions/Engine_MaterialFunctions01/Shading/ConvertFromDiffSpec.uexp" 214
"../../../Engine/Content/EngineDebugMaterials/VertexColorMaterial.uasset" 215
"../../../Engine/Content/EngineDebugMaterials/VertexColorMaterial.uexp" 216
"../../../Engine/Content/EngineDebugMaterials/WireframeMaterial.uasset" 217
"../../../Engine/Content/EngineDebugMaterials/WireframeMaterial.uexp" 218
"../../../Engine/Content/EngineFonts/Faces/RobotoRegular.uasset" 219
"../../../Engine/Content/EngineFonts/Faces/RobotoRegular.uexp" 220
"../../../Engine/Content/EngineFonts/Faces/RobotoRegular.ufont" 221
"../../../Engine/Content/EngineFonts/Faces/RobotoLight.uasset" 222
"../../../Engine/Content/EngineFonts/Faces/RobotoLight.uexp" 223
"../../../Engine/Content/EngineFonts/Faces/RobotoLight.ufont" 224
"../../../Engine/Content/EngineFonts/Faces/RobotoItalic.uasset" 225
"../../../Engine/Content/EngineFonts/Faces/RobotoItalic.uexp" 226
"../../../Engine/Content/EngineFonts/Faces/RobotoItalic.ufont" 227
"../../../Engine/Content/EngineFonts/Faces/RobotoBoldItalic.uasset" 228
"../../../Engine/Content/EngineFonts/Faces/RobotoBoldItalic.uexp" 229
"../../../Engine/Content/EngineFonts/Faces/RobotoBoldItalic.ufont" 230
"../../../Engine/Content/EngineFonts/Faces/RobotoBold.uasset" 231
"../../../Engine/Content/EngineFonts/Faces/RobotoBold.uexp" 232
"../../../Engine/Content/EngineFonts/Faces/RobotoBold.ufont" 233
"../../../Engine/Content/EngineFonts/Faces/DroidSansFallback.uasset" 234
"../../../Engine/Content/EngineFonts/Faces/DroidSansFallback.uexp" 235
"../../../Engine/Content/EngineFonts/Faces/DroidSansFallback.ufont" 236
"../../../Engine/Content/EngineFonts/Roboto.uasset" 237
"../../../Engine/Content/EngineFonts/Roboto.uexp" 238
"../../../Engine/Content/EngineMaterials/BaseFlattenNormalMap.uasset" 239
"../../../Engine/Content/EngineMaterials/BaseFlattenNormalMap.uexp" 240
"../../../Engine/Content/EngineMaterials/BaseFlattenGrayscaleMap.uasset" 241
"../../../Engine/Content/EngineMaterials/BaseFlattenGrayscaleMap.uexp" 242
"../../../Engine/Content/EngineMaterials/BaseFlattenEmissiveMap.uasset" 243
"../../../Engine/Content/EngineMaterials/BaseFlattenEmissiveMap.uexp" 244
"../../../Engine/Content/EngineMaterials/BaseFlattenDiffuseMap.uasset" 245
"../../../Engine/Content/EngineMaterials/BaseFlattenDiffuseMap.uexp" 246
"../../../Engine/Content/EngineMaterials/BaseFlattenMaterial.uasset" 247
"../../../Engine/Content/EngineMaterials/BaseFlattenMaterial.uexp" 248
"../../../Engine/Content/EngineMaterials/BlueNoise.uasset" 249
"../../../Engine/Content/EngineMaterials/BlueNoise.uexp" 250
"../../../Engine/Content/EngineMaterials/DefaultBloomKernel.uasset" 251
"../../../Engine/Content/EngineMaterials/DefaultBloomKernel.uexp" 252
"../../../Engine/Content/EngineMaterials/DefaultBokeh.uasset" 253
"../../../Engine/Content/EngineMaterials/DefaultBokeh.uexp" 254
"../../../Engine/Content/EngineMaterials/DefaultDiffuse.uasset" 255
"../../../Engine/Content/EngineMaterials/DefaultDiffuse.uexp" 256
"../../../Engine/Content/EngineMaterials/DefaultDiffuse.ubulk" 257
"../../../Engine/Content/EngineMaterials/DefaultDeferredDecalMaterial.uasset" 258
"../../../Engine/Content/EngineMaterials/DefaultDeferredDecalMaterial.uexp" 259
"../../../Engine/Content/EngineMaterials/DefaultLightFunctionMaterial.uasset" 260
"../../../Engine/Content/EngineMaterials/DefaultLightFunctionMaterial.uexp" 261
"../../../Engine/Content/EngineMaterials/DefaultPhysicalMaterial.uasset" 262
"../../../Engine/Content/EngineMaterials/DefaultPhysicalMaterial.uexp" 263
"../../../Engine/Content/Functions/Engine_MaterialFunctions02/Utility/BreakOutFloat2Components.uasset" 264
"../../../Engine/Content/Functions/Engine_MaterialFunctions02/Utility/BreakOutFloat2Components.uexp" 265
"../../../Engine/Content/EngineMaterials/DefaultPostProcessMaterial.uasset" 266
"../../../Engine/Content/EngineMaterials/DefaultPostProcessMaterial.uexp" 267
"../../../Engine/Content/EngineFonts/RobotoDistanceField.uasset" 268
"../../../Engine/Content/EngineFonts/RobotoDistanceField.uexp" 269
"../../../Engine/Content/EngineMaterials/DefaultTextMaterialOpaque.uasset" 270
"../../../Engine/Content/EngineMaterials/DefaultTextMaterialOpaque.uexp" 271
"../../../Engine/Content/EngineMaterials/DefaultWhiteGrid.uasset" 272
"../../../Engine/Content/EngineMaterials/DefaultWhiteGrid.uexp" 273
"../../../Engine/Content/EngineMaterials/DefaultWhiteGrid.ubulk" 274
"../../../Engine/Content/EngineMaterials/DefaultWhiteGrid_Low.uasset" 275
"../../../Engine/Content/EngineMaterials/DefaultWhiteGrid_Low.uexp" 276
"../../../Engine/Content/EngineMaterials/EmissiveMeshMaterial.uasset" 277
"../../../Engine/Content/EngineMaterials/EmissiveMeshMaterial.uexp" 278
"../../../Engine/Content/EngineMaterials/GizmoMaterial.uasset" 279
"../../../Engine/Content/EngineMaterials/GizmoMaterial.uexp" 280
"../../../Engine/Content/EngineMaterials/Good64x64TilingNoiseHighFreq.uasset" 281
"../../../Engine/Content/EngineMaterials/Good64x64TilingNoiseHighFreq.uexp" 282
"../../../Engine/Content/EngineMaterials/MiniFont.uasset" 283
"../../../Engine/Content/EngineMaterials/MiniFont.uexp" 284
"../../../Engine/Content/EngineMaterials/InvalidLightmapSettings.uasset" 285
"../../../Engine/Content/EngineMaterials/InvalidLightmapSettings.uexp" 286
"../../../Engine/Content/EngineMaterials/InvalidLightmapSettings.ubulk" 287
"../../../Engine/Content/EngineMaterials/M_InvalidLightmapSettings.uasset" 288
"../../../Engine/Content/EngineMaterials/M_InvalidLightmapSettings.uexp" 289
"../../../Engine/Content/Functions/Engine_MaterialFunctions02/WorldPositionOffset/CameraOffset.uasset" 290
"../../../Engine/Content/Functions/Engine_MaterialFunctions02/WorldPositionOffset/CameraOffset.uexp" 291
"../../../Engine/Content/EngineMaterials/PhAT_JointLimitMaterial.uasset" 292
"../../../Engine/Content/EngineMaterials/PhAT_JointLimitMaterial.uexp" 293
"../../../Engine/Content/EngineMaterials/DefaultCalibrationColor.uasset" 294
"../../../Engine/Content/EngineMaterials/DefaultCalibrationColor.uexp" 295
"../../../Engine/Content/EngineMaterials/PPM_DefaultCalibrationColor.uasset" 296
"../../../Engine/Content/EngineMaterials/PPM_DefaultCalibrationColor.uexp" 297
"../../../Engine/Content/EngineMaterials/DefaultCalibrationGrayscale.uasset" 298
"../../../Engine/Content/EngineMaterials/DefaultCalibrationGrayscale.uexp" 299
"../../../Engine/Content/EngineMaterials/PPM_DefaultCalibrationGrayscale.uasset" 300
"../../../Engine/Content/EngineMaterials/PPM_DefaultCalibrationGrayscale.uexp" 301
"../../../Engine/Content/EngineMaterials/PreintegratedSkinBRDF.uasset" 302
"../../../Engine/Content/EngineMaterials/PreintegratedSkinBRDF.uexp" 303
"../../../Engine/Content/EngineMaterials/RemoveSurfaceMaterial.uasset" 304
"../../../Engine/Content/EngineMaterials/RemoveSurfaceMaterial.uexp" 305
"../../../Engine/Content/EngineMaterials/WeightMapPlaceholderTexture.uasset" 306
"../../../Engine/Content/EngineMaterials/WeightMapPlaceholderTexture.uexp" 307
"../../../Engine/Content/EngineResources/WhiteSquareTexture.uasset" 308
"../../../Engine/Content/EngineResources/WhiteSquareTexture.uexp" 309
"../../../Engine/Content/EngineMaterials/Widget3DPassThrough.uasset" 310
"../../../Engine/Content/EngineMaterials/Widget3DPassThrough.uexp" 311
"../../../Engine/Content/EngineMaterials/Widget3DPassThrough_Masked.uasset" 312
"../../../Engine/Content/EngineMaterials/Widget3DPassThrough_Masked.uexp" 313
"../../../Engine/Content/EngineMaterials/Widget3DPassThrough_Opaque.uasset" 314
"../../../Engine/Content/EngineMaterials/Widget3DPassThrough_Opaque.uexp" 315
"../../../Engine/Content/EngineMaterials/Widget3DPassThrough_Masked_OneSided.uasset" 316
"../../../Engine/Content/EngineMaterials/Widget3DPassThrough_Masked_OneSided.uexp" 317
"../../../Engine/Content/EngineMaterials/Widget3DPassThrough_Opaque_OneSided.uasset" 318
"../../../Engine/Content/EngineMaterials/Widget3DPassThrough_Opaque_OneSided.uexp" 319
"../../../Engine/Content/EngineMaterials/Widget3DPassThrough_Translucent.uasset" 320
"../../../Engine/Content/EngineMaterials/Widget3DPassThrough_Translucent.uexp" 321
"../../../Engine/Content/EngineMaterials/Widget3DPassThrough_Translucent_OneSided.uasset" 322
"../../../Engine/Content/EngineMaterials/Widget3DPassThrough_Translucent_OneSided.uexp" 323
"../../../Engine/Content/EngineMeshes/Cylinder.uasset" 324
"../../../Engine/Content/EngineMeshes/Cylinder.uexp" 325
"../../../Engine/Content/EngineMeshes/Sphere.uasset" 326
"../../../Engine/Content/EngineMeshes/Sphere.uexp" 327
"../../../Engine/Content/EngineResources/DefaultTexture.uasset" 328
"../../../Engine/Content/EngineResources/DefaultTexture.uexp" 329
"../../../Engine/Content/EngineResources/DefaultTexture.ubulk" 330
"../../../Engine/Content/EngineResources/DefaultTextureCube.uasset" 331
"../../../Engine/Content/EngineResources/DefaultTextureCube.uexp" 332
"../../../Engine/Content/EngineResources/DefaultVolumeTexture2D.uasset" 333
"../../../Engine/Content/EngineResources/DefaultVolumeTexture2D.uexp" 334
"../../../Engine/Content/EngineResources/DefaultVolumeTexture.uasset" 335
"../../../Engine/Content/EngineResources/DefaultVolumeTexture.uexp" 336
"../../../Engine/Content/EngineResources/GradientTexture0.uasset" 337
"../../../Engine/Content/EngineResources/GradientTexture0.uexp" 338
"../../../Engine/Content/EngineSky/VolumetricClouds/T_NoiseShape64.uasset" 339
"../../../Engine/Content/EngineSky/VolumetricClouds/T_NoiseShape64.uexp" 340
"../../../Engine/Content/EngineSky/VolumetricClouds/T_NoiseShape64.ubulk" 341
"../../../Engine/Content/EngineSky/VolumetricClouds/T_VolumeNoiseShape64.uasset" 342
"../../../Engine/Content/EngineSky/VolumetricClouds/T_VolumeNoiseShape64.uexp" 343
"../../../Engine/Content/EngineSky/VolumetricClouds/T_NoiseErosion.uasset" 344
"../../../Engine/Content/EngineSky/VolumetricClouds/T_NoiseErosion.uexp" 345
"../../../Engine/Content/EngineSky/VolumetricClouds/T_NoiseErosion.ubulk" 346
"../../../Engine/Content/EngineSky/VolumetricClouds/T_VolumeNoiseErosion32.uasset" 347
"../../../Engine/Content/EngineSky/VolumetricClouds/T_VolumeNoiseErosion32.uexp" 348
"../../../Engine/Content/EngineSky/VolumetricClouds/CloudWeatherTexture.uasset" 349
"../../../Engine/Content/EngineSky/VolumetricClouds/CloudWeatherTexture.uexp" 350
"../../../Engine/Content/EngineSky/VolumetricClouds/CloudGradientTexture.uasset" 351
"../../../Engine/Content/EngineSky/VolumetricClouds/CloudGradientTexture.uexp" 352
"../../../Engine/Content/Functions/Engine_MaterialFunctions02/Utility/MakeFloat2.uasset" 353
"../../../Engine/Content/Functions/Engine_MaterialFunctions02/Utility/MakeFloat2.uexp" 354
"../../../Engine/Content/EngineSky/VolumetricClouds/m_SimpleVolumetricCloud.uasset" 355
"../../../Engine/Content/EngineSky/VolumetricClouds/m_SimpleVolumetricCloud.uexp" 356
"../../../Engine/Content/EngineSky/VolumetricClouds/m_SimpleVolumetricCloud_Inst.uasset" 357
"../../../Engine/Content/EngineSky/VolumetricClouds/m_SimpleVolumetricCloud_Inst.uexp" 358
"../../../Engine/Content/EngineSounds/Master.uasset" 359
"../../../Engine/Content/EngineSounds/Master.uexp" 360
"../../../Engine/Content/Functions/Engine_MaterialFunctions01/Shading/PowerToRoughness.uasset" 361
"../../../Engine/Content/Functions/Engine_MaterialFunctions01/Shading/PowerToRoughness.uexp" 362
"../../../Engine/Content/Maps/Templates/Thumbnails/Default.uasset" 363
"../../../Engine/Content/Maps/Templates/Thumbnails/Default.uexp" 364
"../../../Engine/Content/Maps/Templates/Thumbnails/TimeOfDay.uasset" 365
"../../../Engine/Content/Maps/Templates/Thumbnails/TimeOfDay.uexp" 366
"../../../Engine/Content/Maps/Templates/Thumbnails/VR-Basic.uasset" 367
"../../../Engine/Content/Maps/Templates/Thumbnails/VR-Basic.uexp" 368
"../../../Engine/Content/MobileResources/T_MobileControls_texture.uasset" 369
"../../../Engine/Content/MobileResources/T_MobileControls_texture.uexp" 370
"../../../Engine/Content/MobileResources/T_MobileMenu2.uasset" 371
"../../../Engine/Content/MobileResources/T_MobileMenu2.uexp" 372
"../../../Engine/Content/MobileResources/HUD/AnalogHat.uasset" 373
"../../../Engine/Content/MobileResources/HUD/AnalogHat.uexp" 374
"../../../Engine/Content/MobileResources/HUD/VirtualJoystick_Thumb.uasset" 375
"../../../Engine/Content/MobileResources/HUD/VirtualJoystick_Thumb.uexp" 376
"../../../Engine/Content/MobileResources/HUD/VirtualJoystick_Background.uasset" 377
"../../../Engine/Content/MobileResources/HUD/VirtualJoystick_Background.uexp" 378
"../../../Engine/Content/MobileResources/HUD/DefaultVirtualJoysticks.uasset" 379
"../../../Engine/Content/MobileResources/HUD/DefaultVirtualJoysticks.uexp" 380
"../../../Engine/Content/MobileResources/HUD/LeftVirtualJoystickOnly.uasset" 381
"../../../Engine/Content/MobileResources/HUD/LeftVirtualJoystickOnly.uexp" 382
"../../../Engine/Content/MobileResources/HUD/MobileHUDButton1_off.uasset" 383
"../../../Engine/Content/MobileResources/HUD/MobileHUDButton1_off.uexp" 384
"../../../Engine/Content/MobileResources/HUD/MobileHUDButton1_on.uasset" 385
"../../../Engine/Content/MobileResources/HUD/MobileHUDButton1_on.uexp" 386
"../../../Engine/Content/MobileResources/HUD/MobileHUDButton2_off.uasset" 387
"../../../Engine/Content/MobileResources/HUD/MobileHUDButton2_off.uexp" 388
"../../../Engine/Content/MobileResources/HUD/MobileHUDButton2_on.uasset" 389
"../../../Engine/Content/MobileResources/HUD/MobileHUDButton2_on.uexp" 390
"../../../Engine/Content/MobileResources/HUD/MobileHUDButton3.uasset" 391
"../../../Engine/Content/MobileResources/HUD/MobileHUDButton3.uexp" 392
"../../../Engine/Content/MobileResources/HUD/MobileHUDButtonFire.uasset" 393
"../../../Engine/Content/MobileResources/HUD/MobileHUDButtonFire.uexp" 394
"../../../Engine/Content/MobileResources/HUD/MobileHUDDirectionPad.uasset" 395
"../../../Engine/Content/MobileResources/HUD/MobileHUDDirectionPad.uexp" 396
"../../../Engine/Content/MobileResources/HUD/MobileHUDDirectionPad2.uasset" 397
"../../../Engine/Content/MobileResources/HUD/MobileHUDDirectionPad2.uexp" 398
"../../../Engine/Content/MobileResources/HUD/MobileHUDDirectionPad3.uasset" 399
"../../../Engine/Content/MobileResources/HUD/MobileHUDDirectionPad3.uexp" 400
"../../../Engine/Content/MobileResources/HUD/MobileHUDDirectionStick.uasset" 401
"../../../Engine/Content/MobileResources/HUD/MobileHUDDirectionStick.uexp" 402
"../../../Engine/Content/MobileResources/HUD/T_Castle_ThumbstickInner.uasset" 403
"../../../Engine/Content/MobileResources/HUD/T_Castle_ThumbstickInner.uexp" 404
"../../../Engine/Content/MobileResources/HUD/T_Castle_ThumbstickOutter.uasset" 405
"../../../Engine/Content/MobileResources/HUD/T_Castle_ThumbstickOutter.uexp" 406
"../../../Engine/Content/Tutorial/ContentIntroCurve.uasset" 407
"../../../Engine/Content/Tutorial/ContentIntroCurve.uexp" 408
"../../../Engine/Content/Tutorial/Basics/TutorialAssets/icon_tab_Levels_40x.uasset" 409
"../../../Engine/Content/Tutorial/Basics/TutorialAssets/icon_tab_Levels_40x.uexp" 410
"../../../Engine/Content/VREditor/TransformGizmo/TranslucentTransformGizmoMaterial.uasset" 411
"../../../Engine/Content/VREditor/TransformGizmo/TranslucentTransformGizmoMaterial.uexp" 412
"../../../Engine/Content/VREditor/LaserPointer/VR_LaserPower_01.uasset" 413
"../../../Engine/Content/VREditor/LaserPointer/VR_LaserPower_01.uexp" 414
"../../../Engine/Content/VREditor/LaserPointer/VR_LaserPower_01.ubulk" 415
"../../../Engine/Content/VREditor/TransformGizmo/TransformGizmoMaterial.uasset" 416
"../../../Engine/Content/VREditor/TransformGizmo/TransformGizmoMaterial.uexp" 417
"../../../Engine/Content/VREditor/TransformGizmo/BoundingBoxCorner.uasset" 418
"../../../Engine/Content/VREditor/TransformGizmo/BoundingBoxCorner.uexp" 419
"../../../Engine/Content/VREditor/TransformGizmo/BoundingBoxEdge.uasset" 420
"../../../Engine/Content/VREditor/TransformGizmo/BoundingBoxEdge.uexp" 421
"../../../Engine/Content/VREditor/TransformGizmo/PlaneTranslationHandle.uasset" 422
"../../../Engine/Content/VREditor/TransformGizmo/PlaneTranslationHandle.uexp" 423
"../../../Engine/Content/VREditor/TransformGizmo/Xray.uasset" 424
"../../../Engine/Content/VREditor/TransformGizmo/Xray.uexp" 425
"../../../Engine/Content/VREditor/TransformGizmo/Main.uasset" 426
"../../../Engine/Content/VREditor/TransformGizmo/Main.uexp" 427
"../../../Engine/Content/VREditor/TransformGizmo/SM_Sequencer_Key.uasset" 428
"../../../Engine/Content/VREditor/TransformGizmo/SM_Sequencer_Key.uexp" 429
"../../../Engine/Content/VREditor/TransformGizmo/SM_Sequencer_Node.uasset" 430
"../../../Engine/Content/VREditor/TransformGizmo/SM_Sequencer_Node.uexp" 431
"../../../Engine/Plugins/2D/Paper2D/Content/PlaceholderTextures/DummySpriteTexture.uasset" 432
"../../../Engine/Plugins/2D/Paper2D/Content/PlaceholderTextures/DummySpriteTexture.uexp" 433
"../../../Engine/Plugins/2D/Paper2D/Content/PlaceholderTextures/DummySpriteTexture.ubulk" 434
"../../../Engine/Plugins/2D/Paper2D/Content/DummySprite.uasset" 435
"../../../Engine/Plugins/2D/Paper2D/Content/DummySprite.uexp" 436
"../../../Engine/Plugins/2D/Paper2D/Content/DefaultPaperTerrainMaterial.uasset" 437
"../../../Engine/Plugins/2D/Paper2D/Content/DefaultPaperTerrainMaterial.uexp" 438
"../../../Engine/Plugins/2D/Paper2D/Content/DefaultSpriteMaterial.uasset" 439
"../../../Engine/Plugins/2D/Paper2D/Content/DefaultSpriteMaterial.uexp" 440
"../../../Engine/Plugins/2D/Paper2D/Content/MaskedUnlitSpriteMaterial.uasset" 441
"../../../Engine/Plugins/2D/Paper2D/Content/MaskedUnlitSpriteMaterial.uexp" 442
"../../../Engine/Plugins/2D/Paper2D/Content/OpaqueUnlitSpriteMaterial.uasset" 443
"../../../Engine/Plugins/2D/Paper2D/Content/OpaqueUnlitSpriteMaterial.uexp" 444
"../../../Engine/Content/Functions/Engine_MaterialFunctions02/Utility/BreakOutFloat3Components.uasset" 445
"../../../Engine/Content/Functions/Engine_MaterialFunctions02/Utility/BreakOutFloat3Components.uexp" 446
"../../../Engine/Plugins/Editor/SpeedTreeImporter/Content/SpeedTree9/UnpackInteger3.uasset" 447
"../../../Engine/Plugins/Editor/SpeedTreeImporter/Content/SpeedTree9/UnpackInteger3.uexp" 448
"../../../Engine/Plugins/Editor/SpeedTreeImporter/Content/SpeedTree9/UnpackDirection.uasset" 449
"../../../Engine/Plugins/Editor/SpeedTreeImporter/Content/SpeedTree9/UnpackDirection.uexp" 450
"../../../Engine/Plugins/Editor/SpeedTreeImporter/Content/SpeedTree9/game_wind_noise.uasset" 451
"../../../Engine/Plugins/Editor/SpeedTreeImporter/Content/SpeedTree9/game_wind_noise.uexp" 452
"../../../Engine/Plugins/Editor/SpeedTreeImporter/Content/SpeedTree9/game_wind_noise.ubulk" 453
"../../../Engine/Content/Functions/Engine_MaterialFunctions02/SafeNormalize.uasset" 454
"../../../Engine/Content/Functions/Engine_MaterialFunctions02/SafeNormalize.uexp" 455
"../../../Engine/Plugins/Editor/SpeedTreeImporter/Content/SpeedTree9/SpeedTreeWindMotion.uasset" 456
"../../../Engine/Plugins/Editor/SpeedTreeImporter/Content/SpeedTree9/SpeedTreeWindMotion.uexp" 457
"../../../Engine/Plugins/Editor/SpeedTreeImporter/Content/SpeedTree9/SpeedTreeBranchMotion.uasset" 458
"../../../Engine/Plugins/Editor/SpeedTreeImporter/Content/SpeedTree9/SpeedTreeBranchMotion.uexp" 459
"../../../Engine/Content/Functions/Engine_MaterialFunctions02/ObjectLocalBounds.uasset" 460
"../../../Engine/Content/Functions/Engine_MaterialFunctions02/ObjectLocalBounds.uexp" 461
"../../../Engine/Content/Functions/Engine_MaterialFunctions02/UVs/BoundingBoxBased_0-1_UVW.uasset" 462
"../../../Engine/Content/Functions/Engine_MaterialFunctions02/UVs/BoundingBoxBased_0-1_UVW.uexp" 463
"../../../Engine/Content/Functions/Engine_MaterialFunctions02/Utility/VectorLength.uasset" 464
"../../../Engine/Content/Functions/Engine_MaterialFunctions02/Utility/VectorLength.uexp" 465
"../../../Engine/Content/Functions/Engine_MaterialFunctions02/WorldPositionOffset/ObjectScale.uasset" 466
"../../../Engine/Content/Functions/Engine_MaterialFunctions02/WorldPositionOffset/ObjectScale.uexp" 467
"../../../Engine/Plugins/Editor/SpeedTreeImporter/Content/SpeedTree9/SpeedTreeWind.uasset" 468
"../../../Engine/Plugins/Editor/SpeedTreeImporter/Content/SpeedTree9/SpeedTreeWind.uexp" 469
"../../../Engine/Plugins/Editor/SpeedTreeImporter/Content/SpeedTree9/SpeedTreeBillboard.uasset" 470
"../../../Engine/Plugins/Editor/SpeedTreeImporter/Content/SpeedTree9/SpeedTreeBillboard.uexp" 471
"../../../Engine/Plugins/Editor/SpeedTreeImporter/Content/SpeedTree9/EmptyNormal.uasset" 472
"../../../Engine/Plugins/Editor/SpeedTreeImporter/Content/SpeedTree9/EmptyNormal.uexp" 473
"../../../Engine/Plugins/Editor/SpeedTreeImporter/Content/SpeedTree9/Empty.uasset" 474
"../../../Engine/Plugins/Editor/SpeedTreeImporter/Content/SpeedTree9/Empty.uexp" 475
"../../../Engine/Plugins/Editor/SpeedTreeImporter/Content/SpeedTree9/SpeedTreeBillboardMaster.uasset" 476
"../../../Engine/Plugins/Editor/SpeedTreeImporter/Content/SpeedTree9/SpeedTreeBillboardMaster.uexp" 477
"../../../Engine/Plugins/Editor/SpeedTreeImporter/Content/SpeedTree9/SpeedTreeCameraFacing.uasset" 478
"../../../Engine/Plugins/Editor/SpeedTreeImporter/Content/SpeedTree9/SpeedTreeCameraFacing.uexp" 479
"../../../Engine/Plugins/Editor/SpeedTreeImporter/Content/SpeedTree9/SpeedTreeMaster.uasset" 480
"../../../Engine/Plugins/Editor/SpeedTreeImporter/Content/SpeedTree9/SpeedTreeMaster.uexp" 481
"../../../Engine/Content/BasicShapes/Cylinder.uasset" 482
"../../../Engine/Content/BasicShapes/Cylinder.uexp" 483
"../../../Engine/Content/ArtTools/RenderToTexture/Materials/Debug/M_Emissive_Color.uasset" 484
"../../../Engine/Content/ArtTools/RenderToTexture/Materials/Debug/M_Emissive_Color.uexp" 485
"../../../Engine/Plugins/Lumin/MagicLeapPassableWorld/Content/MagicLeapARPinInfoActor.uasset" 486
"../../../Engine/Plugins/Lumin/MagicLeapPassableWorld/Content/MagicLeapARPinInfoActor.uexp" 487
"../../../Engine/Plugins/Runtime/OpenXR/Content/Devices/GoogleDaydream/MRTexture.uasset" 488
"../../../Engine/Plugins/Runtime/OpenXR/Content/Devices/GoogleDaydream/MRTexture.uexp" 489
"../../../Engine/Plugins/Runtime/OpenXR/Content/Devices/GoogleDaydream/MRTexture.ubulk" 490
"../../../Engine/Plugins/Runtime/OpenXR/Content/Devices/GoogleDaydream/BaseTexture.uasset" 491
"../../../Engine/Plugins/Runtime/OpenXR/Content/Devices/GoogleDaydream/BaseTexture.uexp" 492
"../../../Engine/Plugins/Runtime/OpenXR/Content/Devices/GoogleDaydream/BaseTexture.ubulk" 493
"../../../Engine/Content/EngineResources/Black.uasset" 494
"../../../Engine/Content/EngineResources/Black.uexp" 495
"../../../Engine/Plugins/Runtime/OpenXR/Content/Devices/M_XRController.uasset" 496
"../../../Engine/Plugins/Runtime/OpenXR/Content/Devices/M_XRController.uexp" 497
"../../../Engine/Plugins/Runtime/OpenXR/Content/Devices/GoogleDaydream/MI_GoogleDaydream.uasset" 498
"../../../Engine/Plugins/Runtime/OpenXR/Content/Devices/GoogleDaydream/MI_GoogleDaydream.uexp" 499
"../../../Engine/Plugins/Runtime/OpenXR/Content/Devices/GoogleDaydream/GoogleDaydreamController.uasset" 500
"../../../Engine/Plugins/Runtime/OpenXR/Content/Devices/GoogleDaydream/GoogleDaydreamController.uexp" 501
"../../../Engine/Plugins/Runtime/OpenXR/Content/Devices/HTCVive/BaseTexture.uasset" 502
"../../../Engine/Plugins/Runtime/OpenXR/Content/Devices/HTCVive/BaseTexture.uexp" 503
"../../../Engine/Plugins/Runtime/OpenXR/Content/Devices/HTCVive/BaseTexture.ubulk" 504
"../../../Engine/Plugins/Runtime/OpenXR/Content/Devices/HTCVive/MI_HTCVive.uasset" 505
"../../../Engine/Plugins/Runtime/OpenXR/Content/Devices/HTCVive/MI_HTCVive.uexp" 506
"../../../Engine/Plugins/Runtime/OpenXR/Content/Devices/HTCVive/HTCViveController.uasset" 507
"../../../Engine/Plugins/Runtime/OpenXR/Content/Devices/HTCVive/HTCViveController.uexp" 508
"../../../Engine/Plugins/Runtime/OpenXR/Content/Devices/MicrosoftMixedReality/NormalTexture.uasset" 509
"../../../Engine/Plugins/Runtime/OpenXR/Content/Devices/MicrosoftMixedReality/NormalTexture.uexp" 510
"../../../Engine/Plugins/Runtime/OpenXR/Content/Devices/MicrosoftMixedReality/NormalTexture.ubulk" 511
"../../../Engine/Plugins/Runtime/OpenXR/Content/Devices/MicrosoftMixedReality/MRTexture.uasset" 512
"../../../Engine/Plugins/Runtime/OpenXR/Content/Devices/MicrosoftMixedReality/MRTexture.uexp" 513
"../../../Engine/Plugins/Runtime/OpenXR/Content/Devices/MicrosoftMixedReality/MRTexture.ubulk" 514
"../../../Engine/Plugins/Runtime/OpenXR/Content/Devices/MicrosoftMixedReality/EmissiveTexture.uasset" 515
"../../../Engine/Plugins/Runtime/OpenXR/Content/Devices/MicrosoftMixedReality/EmissiveTexture.uexp" 516
"../../../Engine/Plugins/Runtime/OpenXR/Content/Devices/MicrosoftMixedReality/EmissiveTexture.ubulk" 517
"../../../Engine/Plugins/Runtime/OpenXR/Content/Devices/MicrosoftMixedReality/BaseTexture.uasset" 518
"../../../Engine/Plugins/Runtime/OpenXR/Content/Devices/MicrosoftMixedReality/BaseTexture.uexp" 519
"../../../Engine/Plugins/Runtime/OpenXR/Content/Devices/MicrosoftMixedReality/BaseTexture.ubulk" 520
"../../../Engine/Plugins/Runtime/OpenXR/Content/Devices/MicrosoftMixedReality/MI_MicrosoftMixedReality.uasset" 521
"../../../Engine/Plugins/Runtime/OpenXR/Content/Devices/MicrosoftMixedReality/MI_MicrosoftMixedReality.uexp" 522
"../../../Engine/Plugins/Runtime/OpenXR/Content/Devices/MicrosoftMixedReality/Left/left_MicrosoftMixedRealityController.uasset" 523
"../../../Engine/Plugins/Runtime/OpenXR/Content/Devices/MicrosoftMixedReality/Left/left_MicrosoftMixedRealityController.uexp" 524
"../../../Engine/Plugins/Runtime/OpenXR/Content/Devices/MicrosoftMixedReality/Right/right_MicrosoftMixedRealityController.uasset" 525
"../../../Engine/Plugins/Runtime/OpenXR/Content/Devices/MicrosoftMixedReality/Right/right_MicrosoftMixedRealityController.uexp" 526
"../../../Engine/Plugins/Runtime/OpenXR/Content/Devices/OculusGo/BaseTexture.uasset" 527
"../../../Engine/Plugins/Runtime/OpenXR/Content/Devices/OculusGo/BaseTexture.uexp" 528
"../../../Engine/Plugins/Runtime/OpenXR/Content/Devices/OculusGo/BaseTexture.ubulk" 529
"../../../Engine/Plugins/Runtime/OpenXR/Content/Devices/OculusGo/MI_OculusGo.uasset" 530
"../../../Engine/Plugins/Runtime/OpenXR/Content/Devices/OculusGo/MI_OculusGo.uexp" 531
"../../../Engine/Plugins/Runtime/OpenXR/Content/Devices/OculusGo/OculusGoController.uasset" 532
"../../../Engine/Plugins/Runtime/OpenXR/Content/Devices/OculusGo/OculusGoController.uexp" 533
"../../../Engine/Plugins/Runtime/OpenXR/Content/Devices/OculusTouch/MRTexture.uasset" 534
"../../../Engine/Plugins/Runtime/OpenXR/Content/Devices/OculusTouch/MRTexture.uexp" 535
"../../../Engine/Plugins/Runtime/OpenXR/Content/Devices/OculusTouch/MRTexture.ubulk" 536
"../../../Engine/Plugins/Runtime/OpenXR/Content/Devices/OculusTouch/BaseTexture.uasset" 537
"../../../Engine/Plugins/Runtime/OpenXR/Content/Devices/OculusTouch/BaseTexture.uexp" 538
"../../../Engine/Plugins/Runtime/OpenXR/Content/Devices/OculusTouch/BaseTexture.ubulk" 539
"../../../Engine/Plugins/Runtime/OpenXR/Content/Devices/OculusTouch/MI_OculusTouch.uasset" 540
"../../../Engine/Plugins/Runtime/OpenXR/Content/Devices/OculusTouch/MI_OculusTouch.uexp" 541
"../../../Engine/Plugins/Runtime/OpenXR/Content/Devices/OculusTouch/Left/left_OculusTouchController.uasset" 542
"../../../Engine/Plugins/Runtime/OpenXR/Content/Devices/OculusTouch/Left/left_OculusTouchController.uexp" 543
"../../../Engine/Plugins/Runtime/OpenXR/Content/Devices/OculusTouch/Right/right_OculusTouchController.uasset" 544
"../../../Engine/Plugins/Runtime/OpenXR/Content/Devices/OculusTouch/Right/right_OculusTouchController.uexp" 545
"../../../Engine/Plugins/Runtime/OpenXR/Content/Devices/OculusTouch_v2/MRTexture.uasset" 546
"../../../Engine/Plugins/Runtime/OpenXR/Content/Devices/OculusTouch_v2/MRTexture.uexp" 547
"../../../Engine/Plugins/Runtime/OpenXR/Content/Devices/OculusTouch_v2/MRTexture.ubulk" 548
"../../../Engine/Plugins/Runtime/OpenXR/Content/Devices/OculusTouch_v2/BaseTexture.uasset" 549
"../../../Engine/Plugins/Runtime/OpenXR/Content/Devices/OculusTouch_v2/BaseTexture.uexp" 550
"../../../Engine/Plugins/Runtime/OpenXR/Content/Devices/OculusTouch_v2/BaseTexture.ubulk" 551
"../../../Engine/Plugins/Runtime/OpenXR/Content/Devices/OculusTouch_v2/MI_OculusTouch_v2.uasset" 552
"../../../Engine/Plugins/Runtime/OpenXR/Content/Devices/OculusTouch_v2/MI_OculusTouch_v2.uexp" 553
"../../../Engine/Plugins/Runtime/OpenXR/Content/Devices/OculusTouch_v2/Left/left_OculusTouch_v2Controller.uasset" 554
"../../../Engine/Plugins/Runtime/OpenXR/Content/Devices/OculusTouch_v2/Left/left_OculusTouch_v2Controller.uexp" 555
"../../../Engine/Plugins/Runtime/OpenXR/Content/Devices/OculusTouch_v2/Right/right_OculusTouch_v2Controller.uasset" 556
"../../../Engine/Plugins/Runtime/OpenXR/Content/Devices/OculusTouch_v2/Right/right_OculusTouch_v2Controller.uexp" 557
"../../../Engine/Plugins/Runtime/OpenXR/Content/Devices/OculusTouch_v3/MRTexture.uasset" 558
"../../../Engine/Plugins/Runtime/OpenXR/Content/Devices/OculusTouch_v3/MRTexture.uexp" 559
"../../../Engine/Plugins/Runtime/OpenXR/Content/Devices/OculusTouch_v3/MRTexture.ubulk" 560
"../../../Engine/Plugins/Runtime/OpenXR/Content/Devices/OculusTouch_v3/BaseTexture.uasset" 561
"../../../Engine/Plugins/Runtime/OpenXR/Content/Devices/OculusTouch_v3/BaseTexture.uexp" 562
"../../../Engine/Plugins/Runtime/OpenXR/Content/Devices/OculusTouch_v3/BaseTexture.ubulk" 563
"../../../Engine/Plugins/Runtime/OpenXR/Content/Devices/OculusTouch_v3/MI_OculusTouch_v3.uasset" 564
"../../../Engine/Plugins/Runtime/OpenXR/Content/Devices/OculusTouch_v3/MI_OculusTouch_v3.uexp" 565
"../../../Engine/Plugins/Runtime/OpenXR/Content/Devices/OculusTouch_v3/Left/left_OculusTouch_v3Controller.uasset" 566
"../../../Engine/Plugins/Runtime/OpenXR/Content/Devices/OculusTouch_v3/Left/left_OculusTouch_v3Controller.uexp" 567
"../../../Engine/Plugins/Runtime/OpenXR/Content/Devices/OculusTouch_v3/Right/right_OculusTouch_v3Controller.uasset" 568
"../../../Engine/Plugins/Runtime/OpenXR/Content/Devices/OculusTouch_v3/Right/right_OculusTouch_v3Controller.uexp" 569
"../../../Engine/Plugins/Runtime/OpenXR/Content/Devices/ValveIndex/MRTexture.uasset" 570
"../../../Engine/Plugins/Runtime/OpenXR/Content/Devices/ValveIndex/MRTexture.uexp" 571
"../../../Engine/Plugins/Runtime/OpenXR/Content/Devices/ValveIndex/MRTexture.ubulk" 572
"../../../Engine/Plugins/Runtime/OpenXR/Content/Devices/ValveIndex/BaseTexture.uasset" 573
"../../../Engine/Plugins/Runtime/OpenXR/Content/Devices/ValveIndex/BaseTexture.uexp" 574
"../../../Engine/Plugins/Runtime/OpenXR/Content/Devices/ValveIndex/BaseTexture.ubulk" 575
"../../../Engine/Plugins/Runtime/OpenXR/Content/Devices/ValveIndex/Left/MI_left_ValveIndex.uasset" 576
"../../../Engine/Plugins/Runtime/OpenXR/Content/Devices/ValveIndex/Left/MI_left_ValveIndex.uexp" 577
"../../../Engine/Plugins/Runtime/OpenXR/Content/Devices/ValveIndex/Left/left_ValveIndexController.uasset" 578
"../../../Engine/Plugins/Runtime/OpenXR/Content/Devices/ValveIndex/Left/left_ValveIndexController.uexp" 579
"../../../Engine/Plugins/Runtime/OpenXR/Content/Devices/ValveIndex/Right/MI_right_ValveIndex.uasset" 580
"../../../Engine/Plugins/Runtime/OpenXR/Content/Devices/ValveIndex/Right/MI_right_ValveIndex.uexp" 581
"../../../Engine/Plugins/Runtime/OpenXR/Content/Devices/ValveIndex/Right/right_ValveIndexController.uasset" 582
"../../../Engine/Plugins/Runtime/OpenXR/Content/Devices/ValveIndex/Right/right_ValveIndexController.uexp" 583
"../../../Engine/Content/Functions/Engine_MaterialFunctions02/Utility/BreakOutFloat4Components.uasset" 584
"../../../Engine/Content/Functions/Engine_MaterialFunctions02/Utility/BreakOutFloat4Components.uexp" 585
"../../../Engine/Content/Functions/Engine_MaterialFunctions02/Utility/MakeFloat3.uasset" 586
"../../../Engine/Content/Functions/Engine_MaterialFunctions02/Utility/MakeFloat3.uexp" 587
"../../../Engine/Plugins/Runtime/Oculus/OculusVR/Content/Materials/OculusMR_ChromaKey.uasset" 588
"../../../Engine/Plugins/Runtime/Oculus/OculusVR/Content/Materials/OculusMR_ChromaKey.uexp" 589
"../../../Engine/Plugins/Runtime/Oculus/OculusVR/Content/Materials/OculusMR_OpaqueColoredMaterial.uasset" 590
"../../../Engine/Plugins/Runtime/Oculus/OculusVR/Content/Materials/OculusMR_OpaqueColoredMaterial.uexp" 591
"../../../Engine/Plugins/Runtime/Oculus/OculusVR/Content/Materials/PokeAHoleMaterial.uasset" 592
"../../../Engine/Plugins/Runtime/Oculus/OculusVR/Content/Materials/PokeAHoleMaterial.uexp" 593
"../../../Engine/Plugins/Runtime/Oculus/OculusVR/Content/Textures/touchController_controlmap.uasset" 594
"../../../Engine/Plugins/Runtime/Oculus/OculusVR/Content/Textures/touchController_controlmap.uexp" 595
"../../../Engine/Plugins/Runtime/Oculus/OculusVR/Content/Textures/touchController_controlmap.ubulk" 596
"../../../Engine/Plugins/Runtime/Oculus/OculusVR/Content/Textures/touchController_albedo.uasset" 597
"../../../Engine/Plugins/Runtime/Oculus/OculusVR/Content/Textures/touchController_albedo.uexp" 598
"../../../Engine/Plugins/Runtime/Oculus/OculusVR/Content/Textures/touchController_albedo.ubulk" 599
"../../../Engine/Plugins/Runtime/Oculus/OculusVR/Content/Materials/touchController_mat.uasset" 600
"../../../Engine/Plugins/Runtime/Oculus/OculusVR/Content/Materials/touchController_mat.uexp" 601
"../../../Engine/Plugins/Runtime/Oculus/OculusVR/Content/Meshes/LeftTouchController.uasset" 602
"../../../Engine/Plugins/Runtime/Oculus/OculusVR/Content/Meshes/LeftTouchController.uexp" 603
"../../../Engine/Plugins/Runtime/Oculus/OculusVR/Content/Textures/TouchForQuestRiftSController_albedo.uasset" 604
"../../../Engine/Plugins/Runtime/Oculus/OculusVR/Content/Textures/TouchForQuestRiftSController_albedo.uexp" 605
"../../../Engine/Plugins/Runtime/Oculus/OculusVR/Content/Textures/TouchForQuestRiftSController_albedo.ubulk" 606
"../../../Engine/Plugins/Runtime/Oculus/OculusVR/Content/Materials/TouchForQuestRiftSControllerMaterial.uasset" 607
"../../../Engine/Plugins/Runtime/Oculus/OculusVR/Content/Materials/TouchForQuestRiftSControllerMaterial.uexp" 608
"../../../Engine/Plugins/Runtime/Oculus/OculusVR/Content/Meshes/LeftTouchForQuestRiftSController.uasset" 609
"../../../Engine/Plugins/Runtime/Oculus/OculusVR/Content/Meshes/LeftTouchForQuestRiftSController.uexp" 610
"../../../Engine/Plugins/Runtime/Oculus/OculusVR/Content/Meshes/RiftHMD.uasset" 611
"../../../Engine/Plugins/Runtime/Oculus/OculusVR/Content/Meshes/RiftHMD.uexp" 612
"../../../Engine/Plugins/Runtime/Oculus/OculusVR/Content/Meshes/RightTouchController.uasset" 613
"../../../Engine/Plugins/Runtime/Oculus/OculusVR/Content/Meshes/RightTouchController.uexp" 614
"../../../Engine/Plugins/Runtime/Oculus/OculusVR/Content/Meshes/RightTouchForQuestRiftSController.uasset" 615
"../../../Engine/Plugins/Runtime/Oculus/OculusVR/Content/Meshes/RightTouchForQuestRiftSController.uexp" 616
"C:/Users/julss/Documents/Unreal Projects/BA6Level/Content/Sounds/S_Wind_01.uasset" 617
"C:/Users/julss/Documents/Unreal Projects/BA6Level/Content/Sounds/S_Wind_01.uexp" 618
"C:/Users/julss/Documents/Unreal Projects/BA6Level/Content/Sounds/S_Wind_01_Cue.uasset" 619
"C:/Users/julss/Documents/Unreal Projects/BA6Level/Content/Sounds/S_Wind_01_Cue.uexp" 620
"C:/Users/julss/Documents/Unreal Projects/BA6Level/Content/Sounds/S_Waterfall_01.uasset" 621
"C:/Users/julss/Documents/Unreal Projects/BA6Level/Content/Sounds/S_Waterfall_01.uexp" 622
"C:/Users/julss/Documents/Unreal Projects/BA6Level/Content/Sounds/S_Waterfall_01_Cue.uasset" 623
"C:/Users/julss/Documents/Unreal Projects/BA6Level/Content/Sounds/S_Waterfall_01_Cue.uexp" 624
"C:/Users/julss/Documents/Unreal Projects/BA6Level/Content/Sounds/S_Statue_01.uasset" 625
"C:/Users/julss/Documents/Unreal Projects/BA6Level/Content/Sounds/S_Statue_01.uexp" 626
"C:/Users/julss/Documents/Unreal Projects/BA6Level/Content/Sounds/S_Statue_01_Cue.uasset" 627
"C:/Users/julss/Documents/Unreal Projects/BA6Level/Content/Sounds/S_Statue_01_Cue.uexp" 628
"C:/Users/julss/Documents/Unreal Projects/BA6Level/Content/Sounds/S_Lute_01.uasset" 629
"C:/Users/julss/Documents/Unreal Projects/BA6Level/Content/Sounds/S_Lute_01.uexp" 630
"C:/Users/julss/Documents/Unreal Projects/BA6Level/Content/Sounds/S_Lute_01_Cue.uasset" 631
"C:/Users/julss/Documents/Unreal Projects/BA6Level/Content/Sounds/S_Lute_01_Cue.uexp" 632
"C:/Users/julss/Documents/Unreal Projects/BA6Level/Content/Geometry/Meshes/StepsNew_M_Steps_02.uasset" 633
"C:/Users/julss/Documents/Unreal Projects/BA6Level/Content/Geometry/Meshes/StepsNew_M_Steps_02.uexp" 634
"C:/Users/julss/Documents/Unreal Projects/BA6Level/Content/Geometry/Meshes/StepsNew_M_Steps_01.uasset" 635
"C:/Users/julss/Documents/Unreal Projects/BA6Level/Content/Geometry/Meshes/StepsNew_M_Steps_01.uexp" 636
"C:/Users/julss/Documents/Unreal Projects/BA6Level/Content/StarterContent/Textures/T_Smoke_Tiled_D.uasset" 637
"C:/Users/julss/Documents/Unreal Projects/BA6Level/Content/StarterContent/Textures/T_Smoke_Tiled_D.uexp" 638
"C:/Users/julss/Documents/Unreal Projects/BA6Level/Content/StarterContent/Textures/T_Smoke_Tiled_D.ubulk" 639
"C:/Users/julss/Documents/Unreal Projects/BA6Level/Content/Sounds/FootstepSystem/PM_FootstepWater_01.uasset" 640
"C:/Users/julss/Documents/Unreal Projects/BA6Level/Content/Sounds/FootstepSystem/PM_FootstepWater_01.uexp" 641
"C:/Users/julss/Documents/Unreal Projects/BA6Level/Content/Materials/Water/T_Waterfall_01.uasset" 642
"C:/Users/julss/Documents/Unreal Projects/BA6Level/Content/Materials/Water/T_Waterfall_01.uexp" 643
"C:/Users/julss/Documents/Unreal Projects/BA6Level/Content/Materials/Water/T_Waterfall_01.ubulk" 644
"../../../Engine/Content/Functions/Engine_MaterialFunctions02/Utility/VectorToRadialValue.uasset" 645
"../../../Engine/Content/Functions/Engine_MaterialFunctions02/Utility/VectorToRadialValue.uexp" 646
"../../../Engine/Content/Functions/Engine_MaterialFunctions01/Texturing/ScaleUVsByCenter.uasset" 647
"../../../Engine/Content/Functions/Engine_MaterialFunctions01/Texturing/ScaleUVsByCenter.uexp" 648
"../../../Engine/Content/Functions/Engine_MaterialFunctions01/Texturing/FlattenNormal.uasset" 649
"../../../Engine/Content/Functions/Engine_MaterialFunctions01/Texturing/FlattenNormal.uexp" 650
"../../../Engine/Content/Functions/Engine_MaterialFunctions01/Gradient/LinearGradient.uasset" 651
"../../../Engine/Content/Functions/Engine_MaterialFunctions01/Gradient/LinearGradient.uexp" 652
"../../../Engine/Content/Functions/Engine_MaterialFunctions01/ImageAdjustment/CheapContrast.uasset" 653
"../../../Engine/Content/Functions/Engine_MaterialFunctions01/ImageAdjustment/CheapContrast.uexp" 654
"C:/Users/julss/Documents/Unreal Projects/BA6Level/Content/StarterContent/Textures/T_Water_N.uasset" 655
"C:/Users/julss/Documents/Unreal Projects/BA6Level/Content/StarterContent/Textures/T_Water_N.uexp" 656
"C:/Users/julss/Documents/Unreal Projects/BA6Level/Content/StarterContent/Textures/T_Water_N.ubulk" 657
"C:/Users/julss/Documents/Unreal Projects/BA6Level/Content/Materials/Water/T_Water_02.uasset" 658
"C:/Users/julss/Documents/Unreal Projects/BA6Level/Content/Materials/Water/T_Water_02.uexp" 659
"C:/Users/julss/Documents/Unreal Projects/BA6Level/Content/Materials/Water/TI_Water_02.uasset" 660
"C:/Users/julss/Documents/Unreal Projects/BA6Level/Content/Materials/Water/TI_Water_02.uexp" 661
"C:/Users/julss/Documents/Unreal Projects/BA6Level/Content/Geometry/Meshes/M_WaterPlane_01.uasset" 662
"C:/Users/julss/Documents/Unreal Projects/BA6Level/Content/Geometry/Meshes/M_WaterPlane_01.uexp" 663
"C:/Users/julss/Documents/Unreal Projects/BA6Level/Content/Materials/Rocks/M_WaterfallRock_01_Normal.uasset" 664
"C:/Users/julss/Documents/Unreal Projects/BA6Level/Content/Materials/Rocks/M_WaterfallRock_01_Normal.uexp" 665
"C:/Users/julss/Documents/Unreal Projects/BA6Level/Content/Materials/Rocks/M_WaterfallRock_01_Normal.ubulk" 666
"C:/Users/julss/Documents/Unreal Projects/BA6Level/Content/Materials/Rocks/T_WaterfallRock_01.uasset" 667
"C:/Users/julss/Documents/Unreal Projects/BA6Level/Content/Materials/Rocks/T_WaterfallRock_01.uexp" 668
"C:/Users/julss/Documents/Unreal Projects/BA6Level/Content/Geometry/Meshes/M_WaterfallRock_01.uasset" 669
"C:/Users/julss/Documents/Unreal Projects/BA6Level/Content/Geometry/Meshes/M_WaterfallRock_01.uexp" 670
"C:/Users/julss/Documents/Unreal Projects/BA6Level/Content/Geometry/Meshes/M_WaterFall_01.uasset" 671
"C:/Users/julss/Documents/Unreal Projects/BA6Level/Content/Geometry/Meshes/M_WaterFall_01.uexp" 672
"C:/Users/julss/Documents/Unreal Projects/BA6Level/Content/Geometry/Meshes/M_Tree_02.uasset" 673
"C:/Users/julss/Documents/Unreal Projects/BA6Level/Content/Geometry/Meshes/M_Tree_02.uexp" 674
"C:/Users/julss/Documents/Unreal Projects/BA6Level/Content/Geometry/Meshes/M_Tree_01.uasset" 675
"C:/Users/julss/Documents/Unreal Projects/BA6Level/Content/Geometry/Meshes/M_Tree_01.uexp" 676
"C:/Users/julss/Documents/Unreal Projects/BA6Level/Content/Geometry/Meshes/M_Statue_01.uasset" 677
"C:/Users/julss/Documents/Unreal Projects/BA6Level/Content/Geometry/Meshes/M_Statue_01.uexp" 678
"C:/Users/julss/Documents/Unreal Projects/BA6Level/Content/Textures/mediumtock_3_textures/M_MediumRock_03_lowpoly_DefaultMaterial_OcclusionRoughnessMetallic.uasset" 679
"C:/Users/julss/Documents/Unreal Projects/BA6Level/Content/Textures/mediumtock_3_textures/M_MediumRock_03_lowpoly_DefaultMaterial_OcclusionRoughnessMetallic.uexp" 680
"C:/Users/julss/Documents/Unreal Projects/BA6Level/Content/Textures/mediumtock_3_textures/M_MediumRock_03_lowpoly_DefaultMaterial_OcclusionRoughnessMetallic.ubulk" 681
"C:/Users/julss/Documents/Unreal Projects/BA6Level/Content/Textures/mediumtock_3_textures/M_MediumRock_03_lowpoly_DefaultMaterial_Normal.uasset" 682
"C:/Users/julss/Documents/Unreal Projects/BA6Level/Content/Textures/mediumtock_3_textures/M_MediumRock_03_lowpoly_DefaultMaterial_Normal.uexp" 683
"C:/Users/julss/Documents/Unreal Projects/BA6Level/Content/Textures/mediumtock_3_textures/M_MediumRock_03_lowpoly_DefaultMaterial_Normal.ubulk" 684
"C:/Users/julss/Documents/Unreal Projects/BA6Level/Content/Materials/Rocks/T_M_MediumRock_03.uasset" 685
"C:/Users/julss/Documents/Unreal Projects/BA6Level/Content/Materials/Rocks/T_M_MediumRock_03.uexp" 686
"C:/Users/julss/Documents/Unreal Projects/BA6Level/Content/Geometry/Meshes/M_MediumRock_03.uasset" 687
"C:/Users/julss/Documents/Unreal Projects/BA6Level/Content/Geometry/Meshes/M_MediumRock_03.uexp" 688
"C:/Users/julss/Documents/Unreal Projects/BA6Level/Content/Textures/M_MediumRock_02__textures/M_MediumRock_02_lowpoly_DefaultMaterial_OcclusionRoughnessMetallic.uasset" 689
"C:/Users/julss/Documents/Unreal Projects/BA6Level/Content/Textures/M_MediumRock_02__textures/M_MediumRock_02_lowpoly_DefaultMaterial_OcclusionRoughnessMetallic.uexp" 690
"C:/Users/julss/Documents/Unreal Projects/BA6Level/Content/Textures/M_MediumRock_02__textures/M_MediumRock_02_lowpoly_DefaultMaterial_OcclusionRoughnessMetallic.ubulk" 691
"C:/Users/julss/Documents/Unreal Projects/BA6Level/Content/Textures/M_MediumRock_02__textures/M_MediumRock_02_lowpoly_DefaultMaterial_Normal.uasset" 692
"C:/Users/julss/Documents/Unreal Projects/BA6Level/Content/Textures/M_MediumRock_02__textures/M_MediumRock_02_lowpoly_DefaultMaterial_Normal.uexp" 693
"C:/Users/julss/Documents/Unreal Projects/BA6Level/Content/Textures/M_MediumRock_02__textures/M_MediumRock_02_lowpoly_DefaultMaterial_Normal.ubulk" 694
"C:/Users/julss/Documents/Unreal Projects/BA6Level/Content/Textures/M_MediumRock_02__textures/M_MediumRock_02_lowpoly_DefaultMaterial_BaseColor.uasset" 695
"C:/Users/julss/Documents/Unreal Projects/BA6Level/Content/Textures/M_MediumRock_02__textures/M_MediumRock_02_lowpoly_DefaultMaterial_BaseColor.uexp" 696
"C:/Users/julss/Documents/Unreal Projects/BA6Level/Content/Textures/M_MediumRock_02__textures/M_MediumRock_02_lowpoly_DefaultMaterial_BaseColor.ubulk" 697
"C:/Users/julss/Documents/Unreal Projects/BA6Level/Content/Materials/Rocks/T_M_MediumRock_02.uasset" 698
"C:/Users/julss/Documents/Unreal Projects/BA6Level/Content/Materials/Rocks/T_M_MediumRock_02.uexp" 699
"C:/Users/julss/Documents/Unreal Projects/BA6Level/Content/Geometry/Meshes/M_MediumRock_02.uasset" 700
"C:/Users/julss/Documents/Unreal Projects/BA6Level/Content/Geometry/Meshes/M_MediumRock_02.uexp" 701
"C:/Users/julss/Documents/Unreal Projects/BA6Level/Content/Textures/M_MediumRock_01_textures/M_MediumRock_01_lowpoly_DefaultMaterial_OcclusionRoughnessMetallic.uasset" 702
"C:/Users/julss/Documents/Unreal Projects/BA6Level/Content/Textures/M_MediumRock_01_textures/M_MediumRock_01_lowpoly_DefaultMaterial_OcclusionRoughnessMetallic.uexp" 703
"C:/Users/julss/Documents/Unreal Projects/BA6Level/Content/Textures/M_MediumRock_01_textures/M_MediumRock_01_lowpoly_DefaultMaterial_OcclusionRoughnessMetallic.ubulk" 704
"C:/Users/julss/Documents/Unreal Projects/BA6Level/Content/Textures/M_MediumRock_01_textures/M_MediumRock_01_lowpoly_DefaultMaterial_Normal.uasset" 705
"C:/Users/julss/Documents/Unreal Projects/BA6Level/Content/Textures/M_MediumRock_01_textures/M_MediumRock_01_lowpoly_DefaultMaterial_Normal.uexp" 706
"C:/Users/julss/Documents/Unreal Projects/BA6Level/Content/Textures/M_MediumRock_01_textures/M_MediumRock_01_lowpoly_DefaultMaterial_Normal.ubulk" 707
"C:/Users/julss/Documents/Unreal Projects/BA6Level/Content/Textures/M_MediumRock_01_textures/M_MediumRock_01_lowpoly_DefaultMaterial_BaseColor.uasset" 708
"C:/Users/julss/Documents/Unreal Projects/BA6Level/Content/Textures/M_MediumRock_01_textures/M_MediumRock_01_lowpoly_DefaultMaterial_BaseColor.uexp" 709
"C:/Users/julss/Documents/Unreal Projects/BA6Level/Content/Textures/M_MediumRock_01_textures/M_MediumRock_01_lowpoly_DefaultMaterial_BaseColor.ubulk" 710
"C:/Users/julss/Documents/Unreal Projects/BA6Level/Content/Materials/Rocks/T_M_MediumRock_01.uasset" 711
"C:/Users/julss/Documents/Unreal Projects/BA6Level/Content/Materials/Rocks/T_M_MediumRock_01.uexp" 712
"C:/Users/julss/Documents/Unreal Projects/BA6Level/Content/Geometry/Meshes/M_MediumRock_01.uasset" 713
"C:/Users/julss/Documents/Unreal Projects/BA6Level/Content/Geometry/Meshes/M_MediumRock_01.uexp" 714
"C:/Users/julss/Documents/Unreal Projects/BA6Level/Content/Sounds/FootstepSystem/PM_FootstepStone_01.uasset" 715
"C:/Users/julss/Documents/Unreal Projects/BA6Level/Content/Sounds/FootstepSystem/PM_FootstepStone_01.uexp" 716
"C:/Users/julss/Documents/Unreal Projects/BA6Level/Content/Materials/Rocks/M_Ground_02_ormal.uasset" 717
"C:/Users/julss/Documents/Unreal Projects/BA6Level/Content/Materials/Rocks/M_Ground_02_ormal.uexp" 718
"C:/Users/julss/Documents/Unreal Projects/BA6Level/Content/Materials/Rocks/M_Ground_02_ormal.ubulk" 719
"C:/Users/julss/Documents/Unreal Projects/BA6Level/Content/Materials/Rocks/Ground_roughness.uasset" 720
"C:/Users/julss/Documents/Unreal Projects/BA6Level/Content/Materials/Rocks/Ground_roughness.uexp" 721
"C:/Users/julss/Documents/Unreal Projects/BA6Level/Content/Materials/Rocks/Ground_roughness.ubulk" 722
"C:/Users/julss/Documents/Unreal Projects/BA6Level/Content/Materials/Rocks/Ground_normal.uasset" 723
"C:/Users/julss/Documents/Unreal Projects/BA6Level/Content/Materials/Rocks/Ground_normal.uexp" 724
"C:/Users/julss/Documents/Unreal Projects/BA6Level/Content/Materials/Rocks/Ground_normal.ubulk" 725
"C:/Users/julss/Documents/Unreal Projects/BA6Level/Content/Materials/Rocks/Ground_basecolor.uasset" 726
"C:/Users/julss/Documents/Unreal Projects/BA6Level/Content/Materials/Rocks/Ground_basecolor.uexp" 727
"C:/Users/julss/Documents/Unreal Projects/BA6Level/Content/Materials/Rocks/Ground_basecolor.ubulk" 728
"C:/Users/julss/Documents/Unreal Projects/BA6Level/Content/Materials/Rocks/Ground_ambientocclusion.uasset" 729
"C:/Users/julss/Documents/Unreal Projects/BA6Level/Content/Materials/Rocks/Ground_ambientocclusion.uexp" 730
"C:/Users/julss/Documents/Unreal Projects/BA6Level/Content/Materials/Rocks/Ground_ambientocclusion.ubulk" 731
"C:/Users/julss/Documents/Unreal Projects/BA6Level/Content/Materials/Rocks/T_Ground_03.uasset" 732
"C:/Users/julss/Documents/Unreal Projects/BA6Level/Content/Materials/Rocks/T_Ground_03.uexp" 733
"C:/Users/julss/Documents/Unreal Projects/BA6Level/Content/Geometry/Meshes/M_Ground_02.uasset" 734
"C:/Users/julss/Documents/Unreal Projects/BA6Level/Content/Geometry/Meshes/M_Ground_02.uexp" 735
"C:/Users/julss/Documents/Unreal Projects/BA6Level/Content/Materials/Rocks/M_Ground_01_Normal.uasset" 736
"C:/Users/julss/Documents/Unreal Projects/BA6Level/Content/Materials/Rocks/M_Ground_01_Normal.uexp" 737
"C:/Users/julss/Documents/Unreal Projects/BA6Level/Content/Materials/Rocks/M_Ground_01_Normal.ubulk" 738
"C:/Users/julss/Documents/Unreal Projects/BA6Level/Content/Materials/Rocks/T_Ground_01.uasset" 739
"C:/Users/julss/Documents/Unreal Projects/BA6Level/Content/Materials/Rocks/T_Ground_01.uexp" 740
"C:/Users/julss/Documents/Unreal Projects/BA6Level/Content/Geometry/Meshes/M_Ground_01.uasset" 741
"C:/Users/julss/Documents/Unreal Projects/BA6Level/Content/Geometry/Meshes/M_Ground_01.uexp" 742
"C:/Users/julss/Documents/Unreal Projects/BA6Level/Content/Geometry/Meshes/M_Foam_01.uasset" 743
"C:/Users/julss/Documents/Unreal Projects/BA6Level/Content/Geometry/Meshes/M_Foam_01.uexp" 744
"C:/Users/julss/Documents/Unreal Projects/BA6Level/Content/Textures/Bridge/M_Bridge_02_DefaultMaterial_Normal.uasset" 745
"C:/Users/julss/Documents/Unreal Projects/BA6Level/Content/Textures/Bridge/M_Bridge_02_DefaultMaterial_Normal.uexp" 746
"C:/Users/julss/Documents/Unreal Projects/BA6Level/Content/Textures/Bridge/M_Bridge_02_DefaultMaterial_Normal.ubulk" 747
"C:/Users/julss/Documents/Unreal Projects/BA6Level/Content/Sounds/FootstepSystem/PM_FootstepWood_01.uasset" 748
"C:/Users/julss/Documents/Unreal Projects/BA6Level/Content/Sounds/FootstepSystem/PM_FootstepWood_01.uexp" 749
"C:/Users/julss/Documents/Unreal Projects/BA6Level/Content/Materials/Bridge/T_Bridge_02.uasset" 750
"C:/Users/julss/Documents/Unreal Projects/BA6Level/Content/Materials/Bridge/T_Bridge_02.uexp" 751
"C:/Users/julss/Documents/Unreal Projects/BA6Level/Content/Geometry/Meshes/M_Bridge_02.uasset" 752
"C:/Users/julss/Documents/Unreal Projects/BA6Level/Content/Geometry/Meshes/M_Bridge_02.uexp" 753
"C:/Users/julss/Documents/Unreal Projects/BA6Level/Content/Textures/Bridge/M_Bridge_03_DefaultMaterial_Normal.uasset" 754
"C:/Users/julss/Documents/Unreal Projects/BA6Level/Content/Textures/Bridge/M_Bridge_03_DefaultMaterial_Normal.uexp" 755
"C:/Users/julss/Documents/Unreal Projects/BA6Level/Content/Textures/Bridge/M_Bridge_03_DefaultMaterial_Normal.ubulk" 756
"C:/Users/julss/Documents/Unreal Projects/BA6Level/Content/Materials/Bridge/T_Bridge_01.uasset" 757
"C:/Users/julss/Documents/Unreal Projects/BA6Level/Content/Materials/Bridge/T_Bridge_01.uexp" 758
"C:/Users/julss/Documents/Unreal Projects/BA6Level/Content/Geometry/Meshes/M_Bridge_01.uasset" 759
"C:/Users/julss/Documents/Unreal Projects/BA6Level/Content/Geometry/Meshes/M_Bridge_01.uexp" 760
"C:/Users/julss/Documents/Unreal Projects/BA6Level/Content/Textures/M_BigRock_03_texture/M_BigRock_03_lowpoly_None_OcclusionRoughnessMetallic.uasset" 761
"C:/Users/julss/Documents/Unreal Projects/BA6Level/Content/Textures/M_BigRock_03_texture/M_BigRock_03_lowpoly_None_OcclusionRoughnessMetallic.uexp" 762
"C:/Users/julss/Documents/Unreal Projects/BA6Level/Content/Textures/M_BigRock_03_texture/M_BigRock_03_lowpoly_None_OcclusionRoughnessMetallic.ubulk" 763
"C:/Users/julss/Documents/Unreal Projects/BA6Level/Content/Textures/M_BigRock_03_texture/M_BigRock_03_lowpoly_None_Normal.uasset" 764
"C:/Users/julss/Documents/Unreal Projects/BA6Level/Content/Textures/M_BigRock_03_texture/M_BigRock_03_lowpoly_None_Normal.uexp" 765
"C:/Users/julss/Documents/Unreal Projects/BA6Level/Content/Textures/M_BigRock_03_texture/M_BigRock_03_lowpoly_None_Normal.ubulk" 766
"C:/Users/julss/Documents/Unreal Projects/BA6Level/Content/Materials/Rocks/T_M_BigRock_03.uasset" 767
"C:/Users/julss/Documents/Unreal Projects/BA6Level/Content/Materials/Rocks/T_M_BigRock_03.uexp" 768
"C:/Users/julss/Documents/Unreal Projects/BA6Level/Content/Geometry/Meshes/M_BigRock_03.uasset" 769
"C:/Users/julss/Documents/Unreal Projects/BA6Level/Content/Geometry/Meshes/M_BigRock_03.uexp" 770
"C:/Users/julss/Documents/Unreal Projects/BA6Level/Content/Materials/Rocks/M_BigRock_02_Normal.uasset" 771
"C:/Users/julss/Documents/Unreal Projects/BA6Level/Content/Materials/Rocks/M_BigRock_02_Normal.uexp" 772
"C:/Users/julss/Documents/Unreal Projects/BA6Level/Content/Materials/Rocks/M_BigRock_02_Normal.ubulk" 773
"C:/Users/julss/Documents/Unreal Projects/BA6Level/Content/Materials/Rocks/T_M_BigRock_02.uasset" 774
"C:/Users/julss/Documents/Unreal Projects/BA6Level/Content/Materials/Rocks/T_M_BigRock_02.uexp" 775
"C:/Users/julss/Documents/Unreal Projects/BA6Level/Content/Geometry/Meshes/M_BigRock_02.uasset" 776
"C:/Users/julss/Documents/Unreal Projects/BA6Level/Content/Geometry/Meshes/M_BigRock_02.uexp" 777
"C:/Users/julss/Documents/Unreal Projects/BA6Level/Content/Textures/M_BigRock_01_textures/BigRockLowPolyd_None_Normal.uasset" 778
"C:/Users/julss/Documents/Unreal Projects/BA6Level/Content/Textures/M_BigRock_01_textures/BigRockLowPolyd_None_Normal.uexp" 779
"C:/Users/julss/Documents/Unreal Projects/BA6Level/Content/Textures/M_BigRock_01_textures/BigRockLowPolyd_None_Normal.ubulk" 780
"C:/Users/julss/Documents/Unreal Projects/BA6Level/Content/Materials/Rocks/T_M_BigRock_01.uasset" 781
"C:/Users/julss/Documents/Unreal Projects/BA6Level/Content/Materials/Rocks/T_M_BigRock_01.uexp" 782
"C:/Users/julss/Documents/Unreal Projects/BA6Level/Content/Geometry/Meshes/M_BigRock_01.uasset" 783
"C:/Users/julss/Documents/Unreal Projects/BA6Level/Content/Geometry/Meshes/M_BigRock_01.uexp" 784
"C:/Users/julss/Documents/Unreal Projects/BA6Level/Content/Geometry/Meshes/M_Bench_01.uasset" 785
"C:/Users/julss/Documents/Unreal Projects/BA6Level/Content/Geometry/Meshes/M_Bench_01.uexp" 786
"C:/Users/julss/Documents/Unreal Projects/BA6Level/Content/Geometry/Meshes/M_BaseGround_01.uasset" 787
"C:/Users/julss/Documents/Unreal Projects/BA6Level/Content/Geometry/Meshes/M_BaseGround_01.uexp" 788
"C:/Users/julss/Documents/Unreal Projects/BA6Level/Content/Character/Panda/Panda_Skeleton.uasset" 789
"C:/Users/julss/Documents/Unreal Projects/BA6Level/Content/Character/Panda/Panda_Skeleton.uexp" 790
"C:/Users/julss/Documents/Unreal Projects/BA6Level/Content/Character/Panda/Panda_PhysicsAsset.uasset" 791
"C:/Users/julss/Documents/Unreal Projects/BA6Level/Content/Character/Panda/Panda_PhysicsAsset.uexp" 792
"C:/Users/julss/Documents/Unreal Projects/BA6Level/Content/Character/Panda/Panda_Eyes_DefaultMaterial_BaseColor.uasset" 793
"C:/Users/julss/Documents/Unreal Projects/BA6Level/Content/Character/Panda/Panda_Eyes_DefaultMaterial_BaseColor.uexp" 794
"C:/Users/julss/Documents/Unreal Projects/BA6Level/Content/Character/Panda/Panda_Eyes_DefaultMaterial_BaseColor.ubulk" 795
"C:/Users/julss/Documents/Unreal Projects/BA6Level/Content/Character/Panda/Material.uasset" 796
"C:/Users/julss/Documents/Unreal Projects/BA6Level/Content/Character/Panda/Material.uexp" 797
"C:/Users/julss/Documents/Unreal Projects/BA6Level/Content/Character/Panda/Panda_LP_02_HP2_BaseColor.uasset" 798
"C:/Users/julss/Documents/Unreal Projects/BA6Level/Content/Character/Panda/Panda_LP_02_HP2_BaseColor.uexp" 799
"C:/Users/julss/Documents/Unreal Projects/BA6Level/Content/Character/Panda/Panda_LP_02_HP2_BaseColor.ubulk" 800
"C:/Users/julss/Documents/Unreal Projects/BA6Level/Content/Character/Panda/HP2.uasset" 801
"C:/Users/julss/Documents/Unreal Projects/BA6Level/Content/Character/Panda/HP2.uexp" 802
"C:/Users/julss/Documents/Unreal Projects/BA6Level/Content/Character/Panda/Panda.uasset" 803
"C:/Users/julss/Documents/Unreal Projects/BA6Level/Content/Character/Panda/Panda.uexp" 804
"C:/Users/julss/Documents/Unreal Projects/BA6Level/Content/Character/Lute/Lute_Skeleton.uasset" 805
"C:/Users/julss/Documents/Unreal Projects/BA6Level/Content/Character/Lute/Lute_Skeleton.uexp" 806
"C:/Users/julss/Documents/Unreal Projects/BA6Level/Content/Character/Lute/Lute_PhysicsAsset.uasset" 807
"C:/Users/julss/Documents/Unreal Projects/BA6Level/Content/Character/Lute/Lute_PhysicsAsset.uexp" 808
"C:/Users/julss/Documents/Unreal Projects/BA6Level/Content/Character/Lute/Panda_Lute_Strings_Roughness.uasset" 809
"C:/Users/julss/Documents/Unreal Projects/BA6Level/Content/Character/Lute/Panda_Lute_Strings_Roughness.uexp" 810
"C:/Users/julss/Documents/Unreal Projects/BA6Level/Content/Character/Lute/Panda_Lute_Strings_Roughness.ubulk" 811
"C:/Users/julss/Documents/Unreal Projects/BA6Level/Content/Character/Lute/Panda_Lute_Strings_BaseColor.uasset" 812
"C:/Users/julss/Documents/Unreal Projects/BA6Level/Content/Character/Lute/Panda_Lute_Strings_BaseColor.uexp" 813
"C:/Users/julss/Documents/Unreal Projects/BA6Level/Content/Character/Lute/Panda_Lute_Strings_BaseColor.ubulk" 814
"C:/Users/julss/Documents/Unreal Projects/BA6Level/Content/Character/Lute/Strings_002.uasset" 815
"C:/Users/julss/Documents/Unreal Projects/BA6Level/Content/Character/Lute/Strings_002.uexp" 816
"C:/Users/julss/Documents/Unreal Projects/BA6Level/Content/Character/Lute/Panda_Lute_Stick_Roughness.uasset" 817
"C:/Users/julss/Documents/Unreal Projects/BA6Level/Content/Character/Lute/Panda_Lute_Stick_Roughness.uexp" 818
"C:/Users/julss/Documents/Unreal Projects/BA6Level/Content/Character/Lute/Panda_Lute_Stick_Roughness.ubulk" 819
"C:/Users/julss/Documents/Unreal Projects/BA6Level/Content/Character/Lute/Panda_Lute_Stick_BaseColor.uasset" 820
"C:/Users/julss/Documents/Unreal Projects/BA6Level/Content/Character/Lute/Panda_Lute_Stick_BaseColor.uexp" 821
"C:/Users/julss/Documents/Unreal Projects/BA6Level/Content/Character/Lute/Panda_Lute_Stick_BaseColor.ubulk" 822
"C:/Users/julss/Documents/Unreal Projects/BA6Level/Content/Character/Lute/Stick_002.uasset" 823
"C:/Users/julss/Documents/Unreal Projects/BA6Level/Content/Character/Lute/Stick_002.uexp" 824
"C:/Users/julss/Documents/Unreal Projects/BA6Level/Content/Character/Lute/Panda_Lute_Base_Roughness.uasset" 825
"C:/Users/julss/Documents/Unreal Projects/BA6Level/Content/Character/Lute/Panda_Lute_Base_Roughness.uexp" 826
"C:/Users/julss/Documents/Unreal Projects/BA6Level/Content/Character/Lute/Panda_Lute_Base_Roughness.ubulk" 827
"C:/Users/julss/Documents/Unreal Projects/BA6Level/Content/Character/Lute/Panda_Lute_Base_BaseColor.uasset" 828
"C:/Users/julss/Documents/Unreal Projects/BA6Level/Content/Character/Lute/Panda_Lute_Base_BaseColor.uexp" 829
"C:/Users/julss/Documents/Unreal Projects/BA6Level/Content/Character/Lute/Panda_Lute_Base_BaseColor.ubulk" 830
"C:/Users/julss/Documents/Unreal Projects/BA6Level/Content/Character/Lute/Base_002.uasset" 831
"C:/Users/julss/Documents/Unreal Projects/BA6Level/Content/Character/Lute/Base_002.uexp" 832
"C:/Users/julss/Documents/Unreal Projects/BA6Level/Content/Character/Lute/Lute.uasset" 833
"C:/Users/julss/Documents/Unreal Projects/BA6Level/Content/Character/Lute/Lute.uexp" 834
"../../../Engine/Content/EngineSky/T_Sky_Stars.uasset" 835
"../../../Engine/Content/EngineSky/T_Sky_Stars.uexp" 836
"../../../Engine/Content/EngineSky/T_Sky_Stars.ubulk" 837
"../../../Engine/Content/EngineSky/T_Sky_Clouds_M.uasset" 838
"../../../Engine/Content/EngineSky/T_Sky_Clouds_M.uexp" 839
"../../../Engine/Content/EngineSky/T_Sky_Clouds_M.ubulk" 840
"../../../Engine/Content/EngineSky/T_Sky_Blue.uasset" 841
"../../../Engine/Content/EngineSky/T_Sky_Blue.uexp" 842
"../../../Engine/Content/EngineSky/T_Sky_Blue.ubulk" 843
"C:/Users/julss/Documents/Unreal Projects/BA6Level/Content/Materials/Water/T_Water_03.uasset" 844
"C:/Users/julss/Documents/Unreal Projects/BA6Level/Content/Materials/Water/T_Water_03.uexp" 845
"C:/Users/julss/Documents/Unreal Projects/BA6Level/Content/Materials/Water/T_Water_03_Inst.uasset" 846
"C:/Users/julss/Documents/Unreal Projects/BA6Level/Content/Materials/Water/T_Water_03_Inst.uexp" 847
"../../../Engine/Content/Functions/Engine_MaterialFunctions01/Density/ExponentialDensity.uasset" 848
"../../../Engine/Content/Functions/Engine_MaterialFunctions01/Density/ExponentialDensity.uexp" 849
"../../../Engine/Content/Functions/Engine_MaterialFunctions01/Gradient/RadialGradientExponential.uasset" 850
"../../../Engine/Content/Functions/Engine_MaterialFunctions01/Gradient/RadialGradientExponential.uexp" 851
"C:/Users/julss/Documents/Unreal Projects/BA6Level/Content/Materials/T_Fire_Distortion.uasset" 852
"C:/Users/julss/Documents/Unreal Projects/BA6Level/Content/Materials/T_Fire_Distortion.uexp" 853
"C:/Users/julss/Documents/Unreal Projects/BA6Level/Content/Materials/T_Fire_Distortion.ubulk" 854
"C:/Users/julss/Documents/Unreal Projects/BA6Level/Content/Materials/PerlinNoise.uasset" 855
"C:/Users/julss/Documents/Unreal Projects/BA6Level/Content/Materials/PerlinNoise.uexp" 856
"C:/Users/julss/Documents/Unreal Projects/BA6Level/Content/Materials/PerlinNoise.ubulk" 857
"C:/Users/julss/Documents/Unreal Projects/BA6Level/Content/Materials/Water/T_Foam1.uasset" 858
"C:/Users/julss/Documents/Unreal Projects/BA6Level/Content/Materials/Water/T_Foam1.uexp" 859
"C:/Users/julss/Documents/Unreal Projects/BA6Level/Content/Materials/Water/T_Foam1_Inst.uasset" 860
"C:/Users/julss/Documents/Unreal Projects/BA6Level/Content/Materials/Water/T_Foam1_Inst.uexp" 861
"C:/Users/julss/Documents/Unreal Projects/BA6Level/Content/Materials/Water/T_Foam.uasset" 862
"C:/Users/julss/Documents/Unreal Projects/BA6Level/Content/Materials/Water/T_Foam.uexp" 863
"C:/Users/julss/Documents/Unreal Projects/BA6Level/Content/Materials/Rocks/M_BaseGround_Normal.uasset" 864
"C:/Users/julss/Documents/Unreal Projects/BA6Level/Content/Materials/Rocks/M_BaseGround_Normal.uexp" 865
"C:/Users/julss/Documents/Unreal Projects/BA6Level/Content/Materials/Rocks/M_BaseGround_Normal.ubulk" 866
"C:/Users/julss/Documents/Unreal Projects/BA6Level/Content/Materials/Rocks/T_BaseGround.uasset" 867
"C:/Users/julss/Documents/Unreal Projects/BA6Level/Content/Materials/Rocks/T_BaseGround.uexp" 868
"../../../Engine/Content/EngineSky/M_Sky_Panning_Clouds2.uasset" 869
"../../../Engine/Content/EngineSky/M_Sky_Panning_Clouds2.uexp" 870
"C:/Users/julss/Documents/Unreal Projects/BA6Level/Content/MainLevel_BuiltData.uasset" 871
"C:/Users/julss/Documents/Unreal Projects/BA6Level/Content/MainLevel_BuiltData.uexp" 872
"C:/Users/julss/Documents/Unreal Projects/BA6Level/Content/MainLevel_BuiltData.ubulk" 873
"C:/Users/julss/Documents/Unreal Projects/BA6Level/Content/Geometry/Meshes/HighResPlane.uasset" 874
"C:/Users/julss/Documents/Unreal Projects/BA6Level/Content/Geometry/Meshes/HighResPlane.uexp" 875
"../../../Engine/Content/EngineSky/SM_SkySphere.uasset" 876
"../../../Engine/Content/EngineSky/SM_SkySphere.uexp" 877
"../../../Engine/Content/EngineSky/C_Sky_Zenith_Color.uasset" 878
"../../../Engine/Content/EngineSky/C_Sky_Zenith_Color.uexp" 879
"../../../Engine/Content/EngineSky/C_Sky_Horizon_Color.uasset" 880
"../../../Engine/Content/EngineSky/C_Sky_Horizon_Color.uexp" 881
"../../../Engine/Content/EngineSky/C_Sky_Cloud_Color.uasset" 882
"../../../Engine/Content/EngineSky/C_Sky_Cloud_Color.uexp" 883
"../../../Engine/Content/EngineSky/BP_Sky_Sphere.uasset" 884
"../../../Engine/Content/EngineSky/BP_Sky_Sphere.uexp" 885
"C:/Users/julss/Documents/Unreal Projects/BA6Level/Content/Character/Panda/Panda_Anim.uasset" 886
"C:/Users/julss/Documents/Unreal Projects/BA6Level/Content/Character/Panda/Panda_Anim.uexp" 887
"C:/Users/julss/Documents/Unreal Projects/BA6Level/Content/Character/Lute/Lute_Anim.uasset" 888
"C:/Users/julss/Documents/Unreal Projects/BA6Level/Content/Character/Lute/Lute_Anim.uexp" 889
"C:/Users/julss/Documents/Unreal Projects/BA6Level/Content/MainLevel.uexp" 890
"C:/Users/julss/Documents/Unreal Projects/BA6Level/Content/MainLevel.umap" 891
"../../../Engine/Content/Maps/Entry_BuiltData.uasset" 892
"../../../Engine/Content/Maps/Entry_BuiltData.uexp" 893
"../../../Engine/Content/Maps/Entry.uexp" 894
"../../../Engine/Content/Maps/Entry.umap" 895
